2019-02-06 15:40:08,160 [BombeRLeWorld] INFO: Initializing game world
2019-02-06 15:40:08,759 [BombeRLeWorld] INFO: Starting process for agent <simple_agent_0>
2019-02-06 15:40:09,276 [BombeRLeWorld] INFO: Starting process for agent <simple_agent_1>
2019-02-06 15:40:09,596 [BombeRLeWorld] INFO: Starting process for agent <simple_agent_2>
2019-02-06 15:40:09,923 [BombeRLeWorld] INFO: Starting process for agent <simple_agent_3>
2019-02-06 15:40:10,253 [BombeRLeWorld] INFO: STARTING ROUND #1
2019-02-06 15:40:10,359 [BombeRLeWorld] INFO: STARTING STEP 1
2019-02-06 15:40:10,363 [BombeRLeWorld] INFO: Agent <simple_agent_2> chose action RIGHT in 0.00s.
2019-02-06 15:40:10,363 [BombeRLeWorld] INFO: Agent <simple_agent_3> chose action UP in 0.00s.
2019-02-06 15:40:10,363 [BombeRLeWorld] INFO: Agent <simple_agent_1> chose action RIGHT in 0.00s.
2019-02-06 15:40:10,363 [BombeRLeWorld] INFO: Agent <simple_agent_0> chose action DOWN in 0.00s.
2019-02-06 15:40:10,460 [BombeRLeWorld] INFO: STARTING STEP 2
2019-02-06 15:40:10,464 [BombeRLeWorld] INFO: Agent <simple_agent_3> chose action BOMB in 0.00s.
2019-02-06 15:40:10,464 [BombeRLeWorld] INFO: Agent <simple_agent_3> drops bomb at (15, 14)
2019-02-06 15:40:10,466 [BombeRLeWorld] INFO: Agent <simple_agent_2> chose action BOMB in 0.00s.
2019-02-06 15:40:10,466 [BombeRLeWorld] INFO: Agent <simple_agent_2> drops bomb at (2, 15)
2019-02-06 15:40:10,468 [BombeRLeWorld] INFO: Agent <simple_agent_0> chose action BOMB in 0.00s.
2019-02-06 15:40:10,468 [BombeRLeWorld] INFO: Agent <simple_agent_0> drops bomb at (15, 2)
2019-02-06 15:40:10,470 [BombeRLeWorld] INFO: Agent <simple_agent_1> chose action BOMB in 0.00s.
2019-02-06 15:40:10,470 [BombeRLeWorld] INFO: Agent <simple_agent_1> drops bomb at (2, 1)
2019-02-06 15:40:10,562 [BombeRLeWorld] INFO: STARTING STEP 3
2019-02-06 15:40:10,568 [BombeRLeWorld] INFO: Agent <simple_agent_1> chose action LEFT in 0.00s.
2019-02-06 15:40:10,568 [BombeRLeWorld] INFO: Agent <simple_agent_3> chose action DOWN in 0.00s.
2019-02-06 15:40:10,568 [BombeRLeWorld] INFO: Agent <simple_agent_0> chose action UP in 0.00s.
2019-02-06 15:40:10,569 [BombeRLeWorld] INFO: Agent <simple_agent_2> chose action LEFT in 0.00s.
2019-02-06 15:40:10,664 [BombeRLeWorld] INFO: STARTING STEP 4
2019-02-06 15:40:10,670 [BombeRLeWorld] INFO: Agent <simple_agent_2> chose action UP in 0.00s.
2019-02-06 15:40:10,671 [BombeRLeWorld] INFO: Agent <simple_agent_3> chose action LEFT in 0.00s.
2019-02-06 15:40:10,671 [BombeRLeWorld] INFO: Agent <simple_agent_0> chose action LEFT in 0.00s.
2019-02-06 15:40:10,671 [BombeRLeWorld] INFO: Agent <simple_agent_1> chose action DOWN in 0.00s.
2019-02-06 15:40:10,765 [BombeRLeWorld] INFO: STARTING STEP 5
2019-02-06 15:40:10,770 [BombeRLeWorld] INFO: Agent <simple_agent_2> chose action DOWN in 0.00s.
2019-02-06 15:40:10,771 [BombeRLeWorld] INFO: Agent <simple_agent_1> chose action DOWN in 0.00s.
2019-02-06 15:40:10,771 [BombeRLeWorld] INFO: Agent <simple_agent_0> chose action RIGHT in 0.00s.
2019-02-06 15:40:10,771 [BombeRLeWorld] INFO: Agent <simple_agent_3> chose action LEFT in 0.00s.
2019-02-06 15:40:10,867 [BombeRLeWorld] INFO: STARTING STEP 6
2019-02-06 15:40:10,872 [BombeRLeWorld] INFO: Agent <simple_agent_2> chose action UP in 0.00s.
2019-02-06 15:40:10,872 [BombeRLeWorld] INFO: Agent <simple_agent_0> chose action LEFT in 0.00s.
2019-02-06 15:40:10,872 [BombeRLeWorld] INFO: Agent <simple_agent_1> chose action DOWN in 0.00s.
2019-02-06 15:40:10,872 [BombeRLeWorld] INFO: Agent <simple_agent_3> chose action RIGHT in 0.00s.
2019-02-06 15:40:10,970 [BombeRLeWorld] INFO: STARTING STEP 7
2019-02-06 15:40:10,975 [BombeRLeWorld] INFO: Agent <simple_agent_1> chose action DOWN in 0.00s.
2019-02-06 15:40:10,975 [BombeRLeWorld] INFO: Agent <simple_agent_3> chose action LEFT in 0.00s.
2019-02-06 15:40:10,976 [BombeRLeWorld] INFO: Agent <simple_agent_2> chose action WAIT in 0.00s.
2019-02-06 15:40:10,976 [BombeRLeWorld] INFO: Agent <simple_agent_0> chose action WAIT in 0.00s.
2019-02-06 15:40:10,976 [BombeRLeWorld] INFO: Agent <simple_agent_3>'s bomb at (15, 14) explodes
2019-02-06 15:40:10,985 [BombeRLeWorld] INFO: Agent <simple_agent_2>'s bomb at (2, 15) explodes
2019-02-06 15:40:10,986 [BombeRLeWorld] INFO: Coin found at (4, 15)
2019-02-06 15:40:10,988 [BombeRLeWorld] INFO: Agent <simple_agent_0>'s bomb at (15, 2) explodes
2019-02-06 15:40:10,988 [BombeRLeWorld] INFO: Coin found at (15, 3)
2019-02-06 15:40:10,991 [BombeRLeWorld] INFO: Agent <simple_agent_1>'s bomb at (2, 1) explodes
2019-02-06 15:40:11,072 [BombeRLeWorld] INFO: STARTING STEP 8
2019-02-06 15:40:11,079 [BombeRLeWorld] INFO: Agent <simple_agent_0> chose action BOMB in 0.00s.
2019-02-06 15:40:11,079 [BombeRLeWorld] INFO: Agent <simple_agent_0> drops bomb at (14, 1)
2019-02-06 15:40:11,080 [BombeRLeWorld] INFO: Agent <simple_agent_1> chose action BOMB in 0.00s.
2019-02-06 15:40:11,080 [BombeRLeWorld] INFO: Agent <simple_agent_1> drops bomb at (1, 5)
2019-02-06 15:40:11,081 [BombeRLeWorld] INFO: Agent <simple_agent_3> chose action BOMB in 0.00s.
2019-02-06 15:40:11,081 [BombeRLeWorld] INFO: Agent <simple_agent_3> drops bomb at (13, 15)
2019-02-06 15:40:11,082 [BombeRLeWorld] INFO: Agent <simple_agent_2> chose action BOMB in 0.00s.
2019-02-06 15:40:11,082 [BombeRLeWorld] INFO: Agent <simple_agent_2> drops bomb at (1, 14)
2019-02-06 15:40:11,174 [BombeRLeWorld] INFO: STARTING STEP 9
2019-02-06 15:40:11,181 [BombeRLeWorld] INFO: Agent <simple_agent_1> chose action UP in 0.00s.
2019-02-06 15:40:11,181 [BombeRLeWorld] INFO: Agent <simple_agent_2> chose action DOWN in 0.00s.
2019-02-06 15:40:11,181 [BombeRLeWorld] INFO: Agent <simple_agent_0> chose action RIGHT in 0.00s.
2019-02-06 15:40:11,181 [BombeRLeWorld] INFO: Agent <simple_agent_3> chose action RIGHT in 0.00s.
2019-02-06 15:40:11,275 [BombeRLeWorld] INFO: STARTING STEP 10
2019-02-06 15:40:11,283 [BombeRLeWorld] INFO: Agent <simple_agent_0> chose action DOWN in 0.00s.
2019-02-06 15:40:11,284 [BombeRLeWorld] INFO: Agent <simple_agent_2> chose action RIGHT in 0.00s.
2019-02-06 15:40:11,284 [BombeRLeWorld] INFO: Agent <simple_agent_3> chose action RIGHT in 0.01s.
2019-02-06 15:40:11,284 [BombeRLeWorld] INFO: Agent <simple_agent_1> chose action UP in 0.01s.
2019-02-06 15:40:11,377 [BombeRLeWorld] INFO: STARTING STEP 11
2019-02-06 15:40:11,386 [BombeRLeWorld] INFO: Agent <simple_agent_3> chose action UP in 0.00s.
2019-02-06 15:40:11,386 [BombeRLeWorld] INFO: Agent <simple_agent_0> chose action DOWN in 0.00s.
2019-02-06 15:40:11,386 [BombeRLeWorld] INFO: Agent <simple_agent_1> chose action UP in 0.00s.
2019-02-06 15:40:11,387 [BombeRLeWorld] INFO: Agent <simple_agent_2> chose action RIGHT in 0.00s.
2019-02-06 15:40:11,387 [BombeRLeWorld] INFO: Agent <simple_agent_0> picked up coin at (15, 3) and receives 1 point
2019-02-06 15:40:11,479 [BombeRLeWorld] INFO: STARTING STEP 12
2019-02-06 15:40:11,484 [BombeRLeWorld] INFO: Agent <simple_agent_1> chose action UP in 0.00s.
2019-02-06 15:40:11,485 [BombeRLeWorld] INFO: Agent <simple_agent_0> chose action DOWN in 0.00s.
2019-02-06 15:40:11,485 [BombeRLeWorld] INFO: Agent <simple_agent_2> chose action RIGHT in 0.00s.
2019-02-06 15:40:11,485 [BombeRLeWorld] INFO: Agent <simple_agent_3> chose action UP in 0.00s.
2019-02-06 15:40:11,485 [BombeRLeWorld] INFO: Agent <simple_agent_2> picked up coin at (4, 15) and receives 1 point
2019-02-06 15:40:11,581 [BombeRLeWorld] INFO: STARTING STEP 13
2019-02-06 15:40:11,589 [BombeRLeWorld] INFO: Agent <simple_agent_0> chose action DOWN in 0.00s.
2019-02-06 15:40:11,590 [BombeRLeWorld] INFO: Agent <simple_agent_3> chose action UP in 0.01s.
2019-02-06 15:40:11,590 [BombeRLeWorld] INFO: Agent <simple_agent_2> chose action RIGHT in 0.00s.
2019-02-06 15:40:11,590 [BombeRLeWorld] INFO: Agent <simple_agent_1> chose action RIGHT in 0.01s.
2019-02-06 15:40:11,591 [BombeRLeWorld] INFO: Agent <simple_agent_0>'s bomb at (14, 1) explodes
2019-02-06 15:40:11,594 [BombeRLeWorld] INFO: Agent <simple_agent_1>'s bomb at (1, 5) explodes
2019-02-06 15:40:11,594 [BombeRLeWorld] INFO: Coin found at (1, 6)
2019-02-06 15:40:11,597 [BombeRLeWorld] INFO: Agent <simple_agent_3>'s bomb at (13, 15) explodes
2019-02-06 15:40:11,598 [BombeRLeWorld] INFO: Coin found at (12, 15)
2019-02-06 15:40:11,601 [BombeRLeWorld] INFO: Agent <simple_agent_2>'s bomb at (1, 14) explodes
2019-02-06 15:40:11,683 [BombeRLeWorld] INFO: STARTING STEP 14
2019-02-06 15:40:11,692 [BombeRLeWorld] INFO: Agent <simple_agent_3> chose action UP in 0.01s.
2019-02-06 15:40:11,693 [BombeRLeWorld] INFO: Agent <simple_agent_0> chose action LEFT in 0.00s.
2019-02-06 15:40:11,693 [BombeRLeWorld] INFO: Agent <simple_agent_1> chose action RIGHT in 0.00s.
2019-02-06 15:40:11,693 [BombeRLeWorld] INFO: Agent <simple_agent_2> chose action BOMB in 0.00s.
2019-02-06 15:40:11,693 [BombeRLeWorld] INFO: Agent <simple_agent_2> drops bomb at (5, 15)
2019-02-06 15:40:11,785 [BombeRLeWorld] INFO: STARTING STEP 15
2019-02-06 15:40:11,789 [BombeRLeWorld] INFO: Agent <simple_agent_0> chose action BOMB in 0.00s.
2019-02-06 15:40:11,790 [BombeRLeWorld] INFO: Agent <simple_agent_0> drops bomb at (14, 5)
2019-02-06 15:40:11,790 [BombeRLeWorld] INFO: Agent <simple_agent_3> chose action UP in 0.00s.
2019-02-06 15:40:11,790 [BombeRLeWorld] INFO: Agent <simple_agent_2> chose action LEFT in 0.00s.
2019-02-06 15:40:11,791 [BombeRLeWorld] INFO: Agent <simple_agent_1> chose action RIGHT in 0.00s.
2019-02-06 15:40:11,888 [BombeRLeWorld] INFO: STARTING STEP 16
2019-02-06 15:40:11,907 [BombeRLeWorld] INFO: Agent <simple_agent_1> chose action RIGHT in 0.00s.
2019-02-06 15:40:11,914 [BombeRLeWorld] INFO: Agent <simple_agent_3> chose action UP in 0.00s.
2019-02-06 15:40:11,915 [BombeRLeWorld] INFO: Agent <simple_agent_0> chose action RIGHT in 0.00s.
2019-02-06 15:40:11,915 [BombeRLeWorld] INFO: Agent <simple_agent_2> chose action LEFT in 0.01s.
2019-02-06 15:40:11,990 [BombeRLeWorld] INFO: STARTING STEP 17
2019-02-06 15:40:12,011 [BombeRLeWorld] INFO: Agent <simple_agent_2> chose action LEFT in 0.01s.
2019-02-06 15:40:12,011 [BombeRLeWorld] INFO: Agent <simple_agent_0> chose action DOWN in 0.01s.
2019-02-06 15:40:12,012 [BombeRLeWorld] INFO: Agent <simple_agent_1> chose action BOMB in 0.01s.
2019-02-06 15:40:12,012 [BombeRLeWorld] INFO: Agent <simple_agent_1> drops bomb at (5, 1)
2019-02-06 15:40:12,018 [BombeRLeWorld] INFO: Agent <simple_agent_3> chose action BOMB in 0.01s.
2019-02-06 15:40:12,018 [BombeRLeWorld] INFO: Agent <simple_agent_3> drops bomb at (15, 9)
2019-02-06 15:40:12,092 [BombeRLeWorld] INFO: STARTING STEP 18
2019-02-06 15:40:12,108 [BombeRLeWorld] INFO: Agent <simple_agent_2> chose action LEFT in 0.01s.
2019-02-06 15:40:12,108 [BombeRLeWorld] INFO: Agent <simple_agent_1> chose action LEFT in 0.01s.
2019-02-06 15:40:12,119 [BombeRLeWorld] INFO: Agent <simple_agent_3> chose action DOWN in 0.01s.
2019-02-06 15:40:12,119 [BombeRLeWorld] INFO: Agent <simple_agent_0> chose action UP in 0.00s.
2019-02-06 15:40:12,200 [BombeRLeWorld] INFO: STARTING STEP 19
2019-02-06 15:40:12,227 [BombeRLeWorld] INFO: Agent <simple_agent_0> chose action DOWN in 0.00s.
2019-02-06 15:40:12,227 [BombeRLeWorld] INFO: Agent <simple_agent_1> chose action LEFT in 0.01s.
2019-02-06 15:40:12,227 [BombeRLeWorld] INFO: Agent <simple_agent_2> chose action UP in 0.00s.
2019-02-06 15:40:12,228 [BombeRLeWorld] INFO: Agent <simple_agent_3> chose action DOWN in 0.00s.
2019-02-06 15:40:12,228 [BombeRLeWorld] INFO: Agent <simple_agent_2>'s bomb at (5, 15) explodes
2019-02-06 15:40:12,308 [BombeRLeWorld] INFO: STARTING STEP 20
2019-02-06 15:40:12,329 [BombeRLeWorld] INFO: Agent <simple_agent_0> chose action WAIT in 0.00s.
2019-02-06 15:40:12,329 [BombeRLeWorld] INFO: Agent <simple_agent_2> chose action UP in 0.00s.
2019-02-06 15:40:12,329 [BombeRLeWorld] INFO: Agent <simple_agent_1> chose action LEFT in 0.01s.
2019-02-06 15:40:12,330 [BombeRLeWorld] INFO: Agent <simple_agent_3> chose action DOWN in 0.01s.
2019-02-06 15:40:12,330 [BombeRLeWorld] INFO: Agent <simple_agent_0>'s bomb at (14, 5) explodes
2019-02-06 15:40:12,415 [BombeRLeWorld] INFO: STARTING STEP 21
2019-02-06 15:40:12,434 [BombeRLeWorld] INFO: Agent <simple_agent_3> chose action DOWN in 0.00s.
2019-02-06 15:40:12,434 [BombeRLeWorld] INFO: Agent <simple_agent_2> chose action RIGHT in 0.01s.
2019-02-06 15:40:12,434 [BombeRLeWorld] INFO: Agent <simple_agent_1> chose action LEFT in 0.01s.
2019-02-06 15:40:12,434 [BombeRLeWorld] INFO: Agent <simple_agent_0> chose action BOMB in 0.01s.
2019-02-06 15:40:12,435 [BombeRLeWorld] INFO: Agent <simple_agent_0> drops bomb at (15, 6)
2019-02-06 15:40:12,522 [BombeRLeWorld] INFO: STARTING STEP 22
2019-02-06 15:40:12,529 [BombeRLeWorld] INFO: Agent <simple_agent_0> chose action UP in 0.00s.
2019-02-06 15:40:12,529 [BombeRLeWorld] INFO: Agent <simple_agent_1> chose action DOWN in 0.00s.
2019-02-06 15:40:12,530 [BombeRLeWorld] INFO: Agent <simple_agent_2> chose action RIGHT in 0.00s.
2019-02-06 15:40:12,530 [BombeRLeWorld] INFO: Agent <simple_agent_3> chose action DOWN in 0.00s.
2019-02-06 15:40:12,530 [BombeRLeWorld] INFO: Agent <simple_agent_1>'s bomb at (5, 1) explodes
2019-02-06 15:40:12,533 [BombeRLeWorld] INFO: Agent <simple_agent_3>'s bomb at (15, 9) explodes
2019-02-06 15:40:12,533 [BombeRLeWorld] INFO: Coin found at (13, 9)
2019-02-06 15:40:12,624 [BombeRLeWorld] INFO: STARTING STEP 23
2019-02-06 15:40:12,633 [BombeRLeWorld] INFO: Agent <simple_agent_0> chose action LEFT in 0.01s.
2019-02-06 15:40:12,634 [BombeRLeWorld] INFO: Agent <simple_agent_2> chose action BOMB in 0.00s.
2019-02-06 15:40:12,634 [BombeRLeWorld] INFO: Agent <simple_agent_2> drops bomb at (3, 13)
2019-02-06 15:40:12,635 [BombeRLeWorld] INFO: Agent <simple_agent_3> chose action DOWN in 0.01s.
2019-02-06 15:40:12,636 [BombeRLeWorld] INFO: Agent <simple_agent_1> chose action DOWN in 0.01s.
2019-02-06 15:40:12,726 [BombeRLeWorld] INFO: STARTING STEP 24
2019-02-06 15:40:12,736 [BombeRLeWorld] INFO: Agent <simple_agent_0> chose action LEFT in 0.00s.
2019-02-06 15:40:12,736 [BombeRLeWorld] INFO: Agent <simple_agent_2> chose action LEFT in 0.00s.
2019-02-06 15:40:12,736 [BombeRLeWorld] INFO: Agent <simple_agent_1> chose action DOWN in 0.01s.
2019-02-06 15:40:12,737 [BombeRLeWorld] INFO: Agent <simple_agent_3> chose action LEFT in 0.00s.
2019-02-06 15:40:12,828 [BombeRLeWorld] INFO: STARTING STEP 25
2019-02-06 15:40:12,833 [BombeRLeWorld] INFO: Agent <simple_agent_2> chose action LEFT in 0.00s.
2019-02-06 15:40:12,834 [BombeRLeWorld] INFO: Agent <simple_agent_1> chose action DOWN in 0.00s.
2019-02-06 15:40:12,834 [BombeRLeWorld] INFO: Agent <simple_agent_3> chose action LEFT in 0.00s.
2019-02-06 15:40:12,834 [BombeRLeWorld] INFO: Agent <simple_agent_0> chose action LEFT in 0.00s.
2019-02-06 15:40:12,930 [BombeRLeWorld] INFO: STARTING STEP 26
2019-02-06 15:40:12,937 [BombeRLeWorld] INFO: Agent <simple_agent_2> chose action DOWN in 0.00s.
2019-02-06 15:40:12,937 [BombeRLeWorld] INFO: Agent <simple_agent_3> chose action LEFT in 0.00s.
2019-02-06 15:40:12,937 [BombeRLeWorld] INFO: Agent <simple_agent_0> chose action LEFT in 0.00s.
2019-02-06 15:40:12,938 [BombeRLeWorld] INFO: Agent <simple_agent_1> chose action DOWN in 0.00s.
2019-02-06 15:40:12,938 [BombeRLeWorld] INFO: Agent <simple_agent_1> picked up coin at (1, 6) and receives 1 point
2019-02-06 15:40:12,938 [BombeRLeWorld] INFO: Agent <simple_agent_3> picked up coin at (12, 15) and receives 1 point
2019-02-06 15:40:12,938 [BombeRLeWorld] INFO: Agent <simple_agent_0>'s bomb at (15, 6) explodes
2019-02-06 15:40:13,032 [BombeRLeWorld] INFO: STARTING STEP 27
2019-02-06 15:40:13,041 [BombeRLeWorld] INFO: Agent <simple_agent_3> chose action LEFT in 0.01s.
2019-02-06 15:40:13,041 [BombeRLeWorld] INFO: Agent <simple_agent_2> chose action DOWN in 0.01s.
2019-02-06 15:40:13,042 [BombeRLeWorld] INFO: Agent <simple_agent_1> chose action DOWN in 0.00s.
2019-02-06 15:40:13,042 [BombeRLeWorld] INFO: Agent <simple_agent_0> chose action BOMB in 0.00s.
2019-02-06 15:40:13,043 [BombeRLeWorld] INFO: Agent <simple_agent_0> drops bomb at (11, 5)
2019-02-06 15:40:13,132 [BombeRLeWorld] INFO: STARTING STEP 28
2019-02-06 15:40:13,144 [BombeRLeWorld] INFO: Agent <simple_agent_2> chose action UP in 0.01s.
2019-02-06 15:40:13,145 [BombeRLeWorld] INFO: Agent <simple_agent_1> chose action DOWN in 0.00s.
2019-02-06 15:40:13,145 [BombeRLeWorld] INFO: Agent <simple_agent_0> chose action RIGHT in 0.01s.
2019-02-06 15:40:13,146 [BombeRLeWorld] INFO: Agent <simple_agent_3> chose action UP in 0.01s.
2019-02-06 15:40:13,146 [BombeRLeWorld] INFO: Agent <simple_agent_2>'s bomb at (3, 13) explodes
2019-02-06 15:40:13,234 [BombeRLeWorld] INFO: STARTING STEP 29
2019-02-06 15:40:13,241 [BombeRLeWorld] INFO: Agent <simple_agent_2> chose action DOWN in 0.00s.
2019-02-06 15:40:13,241 [BombeRLeWorld] INFO: Agent <simple_agent_0> chose action RIGHT in 0.00s.
2019-02-06 15:40:13,242 [BombeRLeWorld] INFO: Agent <simple_agent_1> chose action BOMB in 0.00s.
2019-02-06 15:40:13,242 [BombeRLeWorld] INFO: Agent <simple_agent_1> drops bomb at (1, 8)
2019-02-06 15:40:13,243 [BombeRLeWorld] INFO: Agent <simple_agent_3> chose action BOMB in 0.00s.
2019-02-06 15:40:13,243 [BombeRLeWorld] INFO: Agent <simple_agent_3> drops bomb at (11, 14)
2019-02-06 15:40:13,336 [BombeRLeWorld] INFO: STARTING STEP 30
2019-02-06 15:40:13,355 [BombeRLeWorld] INFO: Agent <simple_agent_2> chose action UP in 0.01s.
2019-02-06 15:40:13,356 [BombeRLeWorld] INFO: Agent <simple_agent_3> chose action DOWN in 0.01s.
2019-02-06 15:40:13,356 [BombeRLeWorld] INFO: Agent <simple_agent_0> chose action RIGHT in 0.01s.
2019-02-06 15:40:13,357 [BombeRLeWorld] INFO: Agent <simple_agent_1> chose action UP in 0.01s.
2019-02-06 15:40:13,438 [BombeRLeWorld] INFO: STARTING STEP 31
2019-02-06 15:40:13,464 [BombeRLeWorld] INFO: Agent <simple_agent_3> chose action RIGHT in 0.01s.
2019-02-06 15:40:13,470 [BombeRLeWorld] INFO: Agent <simple_agent_1> chose action UP in 0.01s.
2019-02-06 15:40:13,471 [BombeRLeWorld] INFO: Agent <simple_agent_2> chose action UP in 0.01s.
2019-02-06 15:40:13,471 [BombeRLeWorld] INFO: Agent <simple_agent_0> chose action RIGHT in 0.01s.
2019-02-06 15:40:13,541 [BombeRLeWorld] INFO: STARTING STEP 32
2019-02-06 15:40:13,565 [BombeRLeWorld] INFO: Agent <simple_agent_2> chose action UP in 0.01s.
2019-02-06 15:40:13,572 [BombeRLeWorld] INFO: Agent <simple_agent_0> chose action DOWN in 0.01s.
2019-02-06 15:40:13,572 [BombeRLeWorld] INFO: Agent <simple_agent_3> chose action RIGHT in 0.01s.
2019-02-06 15:40:13,572 [BombeRLeWorld] INFO: Agent <simple_agent_1> chose action UP in 0.01s.
2019-02-06 15:40:13,573 [BombeRLeWorld] INFO: Agent <simple_agent_0>'s bomb at (11, 5) explodes
2019-02-06 15:40:13,643 [BombeRLeWorld] INFO: STARTING STEP 33
2019-02-06 15:40:13,660 [BombeRLeWorld] INFO: Agent <simple_agent_0> chose action DOWN in 0.00s.
2019-02-06 15:40:13,666 [BombeRLeWorld] INFO: Agent <simple_agent_1> chose action RIGHT in 0.01s.
2019-02-06 15:40:13,666 [BombeRLeWorld] INFO: Agent <simple_agent_3> chose action LEFT in 0.01s.
2019-02-06 15:40:13,667 [BombeRLeWorld] INFO: Agent <simple_agent_2> chose action DOWN in 0.00s.
2019-02-06 15:40:13,751 [BombeRLeWorld] INFO: STARTING STEP 34
2019-02-06 15:40:13,783 [BombeRLeWorld] INFO: Agent <simple_agent_2> chose action UP in 0.01s.
2019-02-06 15:40:13,783 [BombeRLeWorld] INFO: Agent <simple_agent_1> chose action RIGHT in 0.00s.
2019-02-06 15:40:13,783 [BombeRLeWorld] INFO: Agent <simple_agent_3> chose action RIGHT in 0.01s.
2019-02-06 15:40:13,784 [BombeRLeWorld] INFO: Agent <simple_agent_0> chose action LEFT in 0.00s.
2019-02-06 15:40:13,784 [BombeRLeWorld] INFO: Agent <simple_agent_1>'s bomb at (1, 8) explodes
2019-02-06 15:40:13,787 [BombeRLeWorld] INFO: Agent <simple_agent_3>'s bomb at (11, 14) explodes
2019-02-06 15:40:13,858 [BombeRLeWorld] INFO: STARTING STEP 35
2019-02-06 15:40:13,878 [BombeRLeWorld] INFO: Agent <simple_agent_1> chose action RIGHT in 0.00s.
2019-02-06 15:40:13,878 [BombeRLeWorld] INFO: Agent <simple_agent_2> chose action DOWN in 0.00s.
2019-02-06 15:40:13,878 [BombeRLeWorld] INFO: Agent <simple_agent_0> chose action BOMB in 0.00s.
2019-02-06 15:40:13,879 [BombeRLeWorld] INFO: Agent <simple_agent_0> drops bomb at (14, 7)
2019-02-06 15:40:13,879 [BombeRLeWorld] INFO: Agent <simple_agent_3> chose action UP in 0.00s.
2019-02-06 15:40:13,967 [BombeRLeWorld] INFO: STARTING STEP 36
2019-02-06 15:40:13,993 [BombeRLeWorld] INFO: Agent <simple_agent_3> chose action UP in 0.01s.
2019-02-06 15:40:14,026 [BombeRLeWorld] INFO: Agent <simple_agent_0> chose action RIGHT in 0.01s.
2019-02-06 15:40:14,027 [BombeRLeWorld] INFO: Agent <simple_agent_1> chose action BOMB in 0.01s.
2019-02-06 15:40:14,027 [BombeRLeWorld] INFO: Agent <simple_agent_1> drops bomb at (4, 5)
2019-02-06 15:40:14,029 [BombeRLeWorld] INFO: Agent <simple_agent_2> chose action UP in 0.01s.
2019-02-06 15:40:14,073 [BombeRLeWorld] INFO: STARTING STEP 37
2019-02-06 15:40:14,088 [BombeRLeWorld] INFO: Agent <simple_agent_3> chose action UP in 0.00s.
2019-02-06 15:40:14,088 [BombeRLeWorld] INFO: Agent <simple_agent_0> chose action DOWN in 0.00s.
2019-02-06 15:40:14,088 [BombeRLeWorld] INFO: Agent <simple_agent_1> chose action LEFT in 0.00s.
2019-02-06 15:40:14,089 [BombeRLeWorld] INFO: Agent <simple_agent_2> chose action UP in 0.00s.
2019-02-06 15:40:14,177 [BombeRLeWorld] INFO: STARTING STEP 38
2019-02-06 15:40:14,185 [BombeRLeWorld] INFO: Agent <simple_agent_2> chose action UP in 0.01s.
2019-02-06 15:40:14,185 [BombeRLeWorld] INFO: Agent <simple_agent_3> chose action BOMB in 0.00s.
2019-02-06 15:40:14,185 [BombeRLeWorld] INFO: Agent <simple_agent_3> drops bomb at (13, 12)
2019-02-06 15:40:14,186 [BombeRLeWorld] INFO: Agent <simple_agent_0> chose action DOWN in 0.01s.
2019-02-06 15:40:14,187 [BombeRLeWorld] INFO: Agent <simple_agent_1> chose action UP in 0.00s.
2019-02-06 15:40:14,279 [BombeRLeWorld] INFO: STARTING STEP 39
2019-02-06 15:40:14,284 [BombeRLeWorld] INFO: Agent <simple_agent_0> chose action UP in 0.00s.
2019-02-06 15:40:14,284 [BombeRLeWorld] INFO: Agent <simple_agent_1> chose action UP in 0.00s.
2019-02-06 15:40:14,284 [BombeRLeWorld] INFO: Agent <simple_agent_2> chose action UP in 0.00s.
2019-02-06 15:40:14,284 [BombeRLeWorld] INFO: Agent <simple_agent_3> chose action DOWN in 0.00s.
2019-02-06 15:40:14,380 [BombeRLeWorld] INFO: STARTING STEP 40
2019-02-06 15:40:14,397 [BombeRLeWorld] INFO: Agent <simple_agent_1> chose action DOWN in 0.01s.
2019-02-06 15:40:14,397 [BombeRLeWorld] INFO: Agent <simple_agent_3> chose action DOWN in 0.01s.
2019-02-06 15:40:14,398 [BombeRLeWorld] INFO: Agent <simple_agent_0> chose action DOWN in 0.01s.
2019-02-06 15:40:14,398 [BombeRLeWorld] INFO: Agent <simple_agent_2> chose action RIGHT in 0.01s.
2019-02-06 15:40:14,399 [BombeRLeWorld] INFO: Agent <simple_agent_0>'s bomb at (14, 7) explodes
2019-02-06 15:40:14,483 [BombeRLeWorld] INFO: STARTING STEP 41
2019-02-06 15:40:14,507 [BombeRLeWorld] INFO: Agent <simple_agent_0> chose action LEFT in 0.01s.
2019-02-06 15:40:14,507 [BombeRLeWorld] INFO: Agent <simple_agent_2> chose action BOMB in 0.01s.
2019-02-06 15:40:14,514 [BombeRLeWorld] INFO: Agent <simple_agent_2> drops bomb at (2, 9)
2019-02-06 15:40:14,515 [BombeRLeWorld] INFO: Agent <simple_agent_3> chose action DOWN in 0.01s.
2019-02-06 15:40:14,516 [BombeRLeWorld] INFO: Agent <simple_agent_1> chose action UP in 0.01s.
2019-02-06 15:40:14,516 [BombeRLeWorld] INFO: Agent <simple_agent_1>'s bomb at (4, 5) explodes
2019-02-06 15:40:14,590 [BombeRLeWorld] INFO: STARTING STEP 42
2019-02-06 15:40:14,627 [BombeRLeWorld] INFO: Agent <simple_agent_2> chose action LEFT in 0.01s.
2019-02-06 15:40:14,627 [BombeRLeWorld] INFO: Agent <simple_agent_3> chose action RIGHT in 0.01s.
2019-02-06 15:40:14,628 [BombeRLeWorld] INFO: Agent <simple_agent_1> chose action BOMB in 0.00s.
2019-02-06 15:40:14,628 [BombeRLeWorld] INFO: Agent <simple_agent_1> drops bomb at (3, 3)
2019-02-06 15:40:14,629 [BombeRLeWorld] INFO: Agent <simple_agent_0> chose action RIGHT in 0.00s.
2019-02-06 15:40:14,699 [BombeRLeWorld] INFO: STARTING STEP 43
2019-02-06 15:40:14,727 [BombeRLeWorld] INFO: Agent <simple_agent_1> chose action DOWN in 0.01s.
2019-02-06 15:40:14,728 [BombeRLeWorld] INFO: Agent <simple_agent_0> chose action LEFT in 0.00s.
2019-02-06 15:40:14,728 [BombeRLeWorld] INFO: Agent <simple_agent_3> chose action RIGHT in 0.01s.
2019-02-06 15:40:14,728 [BombeRLeWorld] INFO: Agent <simple_agent_2> chose action DOWN in 0.01s.
2019-02-06 15:40:14,729 [BombeRLeWorld] INFO: Agent <simple_agent_3>'s bomb at (13, 12) explodes
2019-02-06 15:40:14,806 [BombeRLeWorld] INFO: STARTING STEP 44
2019-02-06 15:40:14,840 [BombeRLeWorld] INFO: Agent <simple_agent_3> chose action LEFT in 0.01s.
2019-02-06 15:40:14,840 [BombeRLeWorld] INFO: Agent <simple_agent_2> chose action UP in 0.01s.
2019-02-06 15:40:14,841 [BombeRLeWorld] INFO: Agent <simple_agent_1> chose action DOWN in 0.01s.
2019-02-06 15:40:14,841 [BombeRLeWorld] INFO: Agent <simple_agent_0> chose action RIGHT in 0.00s.
2019-02-06 15:40:14,914 [BombeRLeWorld] INFO: STARTING STEP 45
2019-02-06 15:40:14,933 [BombeRLeWorld] INFO: Agent <simple_agent_0> chose action LEFT in 0.00s.
2019-02-06 15:40:14,933 [BombeRLeWorld] INFO: Agent <simple_agent_3> chose action LEFT in 0.00s.
2019-02-06 15:40:14,934 [BombeRLeWorld] INFO: Agent <simple_agent_2> chose action DOWN in 0.01s.
2019-02-06 15:40:14,934 [BombeRLeWorld] INFO: Agent <simple_agent_1> chose action RIGHT in 0.01s.
2019-02-06 15:40:15,022 [BombeRLeWorld] INFO: STARTING STEP 46
2019-02-06 15:40:15,046 [BombeRLeWorld] INFO: Agent <simple_agent_3> chose action UP in 0.01s.
2019-02-06 15:40:15,046 [BombeRLeWorld] INFO: Agent <simple_agent_2> chose action DOWN in 0.01s.
2019-02-06 15:40:15,046 [BombeRLeWorld] INFO: Agent <simple_agent_0> chose action LEFT in 0.01s.
2019-02-06 15:40:15,047 [BombeRLeWorld] INFO: Agent <simple_agent_1> chose action RIGHT in 0.02s.
2019-02-06 15:40:15,047 [BombeRLeWorld] INFO: Agent <simple_agent_0> picked up coin at (13, 9) and receives 1 point
2019-02-06 15:40:15,047 [BombeRLeWorld] INFO: Agent <simple_agent_2>'s bomb at (2, 9) explodes
2019-02-06 15:40:15,124 [BombeRLeWorld] INFO: STARTING STEP 47
2019-02-06 15:40:15,136 [BombeRLeWorld] INFO: Agent <simple_agent_2> chose action UP in 0.01s.
2019-02-06 15:40:15,136 [BombeRLeWorld] INFO: Agent <simple_agent_3> chose action DOWN in 0.01s.
2019-02-06 15:40:15,136 [BombeRLeWorld] INFO: Agent <simple_agent_0> chose action LEFT in 0.00s.
2019-02-06 15:40:15,136 [BombeRLeWorld] INFO: Agent <simple_agent_1> chose action UP in 0.01s.
2019-02-06 15:40:15,137 [BombeRLeWorld] INFO: Agent <simple_agent_1>'s bomb at (3, 3) explodes
2019-02-06 15:40:15,137 [BombeRLeWorld] INFO: Coin found at (2, 3)
2019-02-06 15:40:15,226 [BombeRLeWorld] INFO: STARTING STEP 48
2019-02-06 15:40:15,233 [BombeRLeWorld] INFO: Agent <simple_agent_0> chose action BOMB in 0.00s.
2019-02-06 15:40:15,233 [BombeRLeWorld] INFO: Agent <simple_agent_0> drops bomb at (12, 9)
2019-02-06 15:40:15,234 [BombeRLeWorld] INFO: Agent <simple_agent_1> chose action DOWN in 0.00s.
2019-02-06 15:40:15,234 [BombeRLeWorld] INFO: Agent <simple_agent_3> chose action LEFT in 0.00s.
2019-02-06 15:40:15,234 [BombeRLeWorld] INFO: Agent <simple_agent_2> chose action UP in 0.01s.
2019-02-06 15:40:15,327 [BombeRLeWorld] INFO: STARTING STEP 49
2019-02-06 15:40:15,339 [BombeRLeWorld] INFO: Agent <simple_agent_0> chose action RIGHT in 0.01s.
2019-02-06 15:40:15,340 [BombeRLeWorld] INFO: Agent <simple_agent_3> chose action LEFT in 0.01s.
2019-02-06 15:40:15,340 [BombeRLeWorld] INFO: Agent <simple_agent_2> chose action RIGHT in 0.01s.
2019-02-06 15:40:15,340 [BombeRLeWorld] INFO: Agent <simple_agent_1> chose action UP in 0.01s.
2019-02-06 15:40:15,429 [BombeRLeWorld] INFO: STARTING STEP 50
2019-02-06 15:40:15,443 [BombeRLeWorld] INFO: Agent <simple_agent_1> chose action UP in 0.01s.
2019-02-06 15:40:15,443 [BombeRLeWorld] INFO: Agent <simple_agent_0> chose action DOWN in 0.01s.
2019-02-06 15:40:15,444 [BombeRLeWorld] INFO: Agent <simple_agent_3> chose action UP in 0.01s.
2019-02-06 15:40:15,445 [BombeRLeWorld] INFO: Agent <simple_agent_2> chose action RIGHT in 0.01s.
2019-02-06 15:40:15,531 [BombeRLeWorld] INFO: STARTING STEP 51
2019-02-06 15:40:15,552 [BombeRLeWorld] INFO: Agent <simple_agent_1> chose action RIGHT in 0.01s.
2019-02-06 15:40:15,552 [BombeRLeWorld] INFO: Agent <simple_agent_3> chose action UP in 0.01s.
2019-02-06 15:40:15,553 [BombeRLeWorld] INFO: Agent <simple_agent_0> chose action DOWN in 0.02s.
2019-02-06 15:40:15,553 [BombeRLeWorld] INFO: Agent <simple_agent_2> chose action DOWN in 0.01s.
2019-02-06 15:40:15,634 [BombeRLeWorld] INFO: STARTING STEP 52
2019-02-06 15:40:15,643 [BombeRLeWorld] INFO: Agent <simple_agent_1> chose action BOMB in 0.00s.
2019-02-06 15:40:15,644 [BombeRLeWorld] INFO: Agent <simple_agent_1> drops bomb at (6, 3)
2019-02-06 15:40:15,645 [BombeRLeWorld] INFO: Agent <simple_agent_2> chose action DOWN in 0.00s.
2019-02-06 15:40:15,645 [BombeRLeWorld] INFO: Agent <simple_agent_3> chose action UP in 0.00s.
2019-02-06 15:40:15,645 [BombeRLeWorld] INFO: Agent <simple_agent_0> chose action DOWN in 0.01s.
2019-02-06 15:40:15,735 [BombeRLeWorld] INFO: STARTING STEP 53
2019-02-06 15:40:15,768 [BombeRLeWorld] INFO: Agent <simple_agent_2> chose action RIGHT in 0.01s.
2019-02-06 15:40:15,768 [BombeRLeWorld] INFO: Agent <simple_agent_0> chose action DOWN in 0.01s.
2019-02-06 15:40:15,768 [BombeRLeWorld] INFO: Agent <simple_agent_3> chose action UP in 0.01s.
2019-02-06 15:40:15,769 [BombeRLeWorld] INFO: Agent <simple_agent_1> chose action LEFT in 0.01s.
2019-02-06 15:40:15,769 [BombeRLeWorld] INFO: Agent <simple_agent_0>'s bomb at (12, 9) explodes
2019-02-06 15:40:15,837 [BombeRLeWorld] INFO: STARTING STEP 54
2019-02-06 15:40:15,851 [BombeRLeWorld] INFO: Agent <simple_agent_3> chose action BOMB in 0.00s.
2019-02-06 15:40:15,851 [BombeRLeWorld] INFO: Agent <simple_agent_3> drops bomb at (11, 11)
2019-02-06 15:40:15,852 [BombeRLeWorld] INFO: Agent <simple_agent_1> chose action DOWN in 0.00s.
2019-02-06 15:40:15,852 [BombeRLeWorld] INFO: Agent <simple_agent_0> chose action DOWN in 0.00s.
2019-02-06 15:40:15,852 [BombeRLeWorld] INFO: Agent <simple_agent_2> chose action BOMB in 0.00s.
2019-02-06 15:40:15,852 [BombeRLeWorld] INFO: Agent <simple_agent_2> drops bomb at (4, 11)
2019-02-06 15:40:15,944 [BombeRLeWorld] INFO: STARTING STEP 55
2019-02-06 15:40:15,957 [BombeRLeWorld] INFO: Agent <simple_agent_0> chose action UP in 0.01s.
2019-02-06 15:40:15,958 [BombeRLeWorld] INFO: Agent <simple_agent_2> chose action LEFT in 0.01s.
2019-02-06 15:40:15,958 [BombeRLeWorld] INFO: Agent <simple_agent_3> chose action DOWN in 0.01s.
2019-02-06 15:40:15,958 [BombeRLeWorld] INFO: Agent <simple_agent_1> chose action DOWN in 0.01s.
2019-02-06 15:40:16,046 [BombeRLeWorld] INFO: STARTING STEP 56
2019-02-06 15:40:16,057 [BombeRLeWorld] INFO: Agent <simple_agent_1> chose action LEFT in 0.00s.
2019-02-06 15:40:16,058 [BombeRLeWorld] INFO: Agent <simple_agent_2> chose action DOWN in 0.01s.
2019-02-06 15:40:16,058 [BombeRLeWorld] INFO: Agent <simple_agent_3> chose action DOWN in 0.01s.
2019-02-06 15:40:16,058 [BombeRLeWorld] INFO: Agent <simple_agent_0> chose action DOWN in 0.01s.
2019-02-06 15:40:16,147 [BombeRLeWorld] INFO: STARTING STEP 57
2019-02-06 15:40:16,166 [BombeRLeWorld] INFO: Agent <simple_agent_3> chose action DOWN in 0.01s.
2019-02-06 15:40:16,167 [BombeRLeWorld] INFO: Agent <simple_agent_1> chose action LEFT in 0.01s.
2019-02-06 15:40:16,168 [BombeRLeWorld] INFO: Agent <simple_agent_2> chose action DOWN in 0.01s.
2019-02-06 15:40:16,168 [BombeRLeWorld] INFO: Agent <simple_agent_0> chose action DOWN in 0.01s.
2019-02-06 15:40:16,169 [BombeRLeWorld] INFO: Agent <simple_agent_1>'s bomb at (6, 3) explodes
2019-02-06 15:40:16,249 [BombeRLeWorld] INFO: STARTING STEP 58
2019-02-06 15:40:16,258 [BombeRLeWorld] INFO: Agent <simple_agent_1> chose action DOWN in 0.00s.
2019-02-06 15:40:16,259 [BombeRLeWorld] INFO: Agent <simple_agent_2> chose action LEFT in 0.01s.
2019-02-06 15:40:16,259 [BombeRLeWorld] INFO: Agent <simple_agent_0> chose action LEFT in 0.01s.
2019-02-06 15:40:16,259 [BombeRLeWorld] INFO: Agent <simple_agent_3> chose action DOWN in 0.00s.
2019-02-06 15:40:16,351 [BombeRLeWorld] INFO: STARTING STEP 59
2019-02-06 15:40:16,367 [BombeRLeWorld] INFO: Agent <simple_agent_3> chose action LEFT in 0.01s.
2019-02-06 15:40:16,368 [BombeRLeWorld] INFO: Agent <simple_agent_1> chose action BOMB in 0.01s.
2019-02-06 15:40:16,368 [BombeRLeWorld] INFO: Agent <simple_agent_1> drops bomb at (3, 6)
2019-02-06 15:40:16,370 [BombeRLeWorld] INFO: Agent <simple_agent_0> chose action BOMB in 0.01s.
2019-02-06 15:40:16,370 [BombeRLeWorld] INFO: Agent <simple_agent_0> drops bomb at (12, 15)
2019-02-06 15:40:16,376 [BombeRLeWorld] INFO: Agent <simple_agent_2> chose action RIGHT in 0.01s.
2019-02-06 15:40:16,382 [BombeRLeWorld] INFO: Agent <simple_agent_3>'s bomb at (11, 11) explodes
2019-02-06 15:40:16,401 [BombeRLeWorld] INFO: Agent <simple_agent_2>'s bomb at (4, 11) explodes
2019-02-06 15:40:16,453 [BombeRLeWorld] INFO: STARTING STEP 60
2019-02-06 15:40:16,488 [BombeRLeWorld] INFO: Agent <simple_agent_3> chose action LEFT in 0.02s.
2019-02-06 15:40:16,489 [BombeRLeWorld] INFO: Agent <simple_agent_0> chose action LEFT in 0.01s.
2019-02-06 15:40:16,489 [BombeRLeWorld] INFO: Agent <simple_agent_2> chose action UP in 0.02s.
2019-02-06 15:40:16,490 [BombeRLeWorld] INFO: Agent <simple_agent_1> chose action UP in 0.01s.
2019-02-06 15:40:16,555 [BombeRLeWorld] INFO: STARTING STEP 61
2019-02-06 15:40:16,589 [BombeRLeWorld] INFO: Agent <simple_agent_2> chose action UP in 0.02s.
2019-02-06 15:40:16,599 [BombeRLeWorld] INFO: Agent <simple_agent_1> chose action RIGHT in 0.01s.
2019-02-06 15:40:16,600 [BombeRLeWorld] INFO: Agent <simple_agent_0> chose action UP in 0.01s.
2019-02-06 15:40:16,601 [BombeRLeWorld] INFO: Agent <simple_agent_3> chose action LEFT in 0.01s.
2019-02-06 15:40:16,658 [BombeRLeWorld] INFO: STARTING STEP 62
2019-02-06 15:40:16,689 [BombeRLeWorld] INFO: Agent <simple_agent_2> chose action UP in 0.02s.
2019-02-06 15:40:16,695 [BombeRLeWorld] INFO: Agent <simple_agent_3> chose action RIGHT in 0.01s.
2019-02-06 15:40:16,695 [BombeRLeWorld] INFO: Agent <simple_agent_0> chose action DOWN in 0.01s.
2019-02-06 15:40:16,696 [BombeRLeWorld] INFO: Agent <simple_agent_1> chose action LEFT in 0.01s.
2019-02-06 15:40:16,759 [BombeRLeWorld] INFO: STARTING STEP 63
2019-02-06 15:40:16,782 [BombeRLeWorld] INFO: Agent <simple_agent_2> chose action DOWN in 0.01s.
2019-02-06 15:40:16,782 [BombeRLeWorld] INFO: Agent <simple_agent_3> chose action LEFT in 0.01s.
2019-02-06 15:40:16,789 [BombeRLeWorld] INFO: Agent <simple_agent_1> chose action RIGHT in 0.01s.
2019-02-06 15:40:16,789 [BombeRLeWorld] INFO: Agent <simple_agent_0> chose action UP in 0.01s.
2019-02-06 15:40:16,861 [BombeRLeWorld] INFO: STARTING STEP 64
2019-02-06 15:40:16,901 [BombeRLeWorld] INFO: Agent <simple_agent_3> chose action LEFT in 0.01s.
2019-02-06 15:40:16,901 [BombeRLeWorld] INFO: Agent <simple_agent_0> chose action UP in 0.01s.
2019-02-06 15:40:16,902 [BombeRLeWorld] INFO: Agent <simple_agent_2> chose action UP in 0.02s.
2019-02-06 15:40:16,902 [BombeRLeWorld] INFO: Agent <simple_agent_1> chose action RIGHT in 0.01s.
2019-02-06 15:40:16,902 [BombeRLeWorld] INFO: Agent <simple_agent_1>'s bomb at (3, 6) explodes
2019-02-06 15:40:16,905 [BombeRLeWorld] INFO: Agent <simple_agent_0>'s bomb at (12, 15) explodes
2019-02-06 15:40:16,962 [BombeRLeWorld] INFO: STARTING STEP 65
2019-02-06 15:40:16,998 [BombeRLeWorld] INFO: Agent <simple_agent_2> chose action DOWN in 0.01s.
2019-02-06 15:40:16,998 [BombeRLeWorld] INFO: Agent <simple_agent_1> chose action UP in 0.02s.
2019-02-06 15:40:16,998 [BombeRLeWorld] INFO: Agent <simple_agent_3> chose action RIGHT in 0.02s.
2019-02-06 15:40:16,998 [BombeRLeWorld] INFO: Agent <simple_agent_0> chose action DOWN in 0.02s.
2019-02-06 15:40:17,064 [BombeRLeWorld] INFO: STARTING STEP 66
2019-02-06 15:40:17,080 [BombeRLeWorld] INFO: Agent <simple_agent_0> chose action DOWN in 0.00s.
2019-02-06 15:40:17,080 [BombeRLeWorld] INFO: Agent <simple_agent_1> chose action UP in 0.00s.
2019-02-06 15:40:17,081 [BombeRLeWorld] INFO: Agent <simple_agent_2> chose action UP in 0.01s.
2019-02-06 15:40:17,081 [BombeRLeWorld] INFO: Agent <simple_agent_3> chose action RIGHT in 0.00s.
2019-02-06 15:40:17,172 [BombeRLeWorld] INFO: STARTING STEP 67
2019-02-06 15:40:17,182 [BombeRLeWorld] INFO: Agent <simple_agent_1> chose action LEFT in 0.01s.
2019-02-06 15:40:17,183 [BombeRLeWorld] INFO: Agent <simple_agent_2> chose action UP in 0.01s.
2019-02-06 15:40:17,183 [BombeRLeWorld] INFO: Agent <simple_agent_3> chose action RIGHT in 0.00s.
2019-02-06 15:40:17,183 [BombeRLeWorld] INFO: Agent <simple_agent_0> chose action LEFT in 0.00s.
2019-02-06 15:40:17,273 [BombeRLeWorld] INFO: STARTING STEP 68
2019-02-06 15:40:17,283 [BombeRLeWorld] INFO: Agent <simple_agent_3> chose action BOMB in 0.00s.
2019-02-06 15:40:17,283 [BombeRLeWorld] INFO: Agent <simple_agent_3> drops bomb at (10, 15)
2019-02-06 15:40:17,284 [BombeRLeWorld] INFO: Agent <simple_agent_0> chose action BOMB in 0.01s.
2019-02-06 15:40:17,285 [BombeRLeWorld] INFO: Agent <simple_agent_0> drops bomb at (11, 15)
2019-02-06 15:40:17,285 [BombeRLeWorld] INFO: Agent <simple_agent_1> chose action LEFT in 0.01s.
2019-02-06 15:40:17,286 [BombeRLeWorld] INFO: Agent <simple_agent_2> chose action RIGHT in 0.01s.
2019-02-06 15:40:17,376 [BombeRLeWorld] INFO: STARTING STEP 69
2019-02-06 15:40:17,403 [BombeRLeWorld] INFO: Agent <simple_agent_1> chose action LEFT in 0.01s.
2019-02-06 15:40:17,404 [BombeRLeWorld] INFO: Agent <simple_agent_0> chose action UP in 0.02s.
2019-02-06 15:40:17,405 [BombeRLeWorld] INFO: Agent <simple_agent_3> chose action LEFT in 0.02s.
2019-02-06 15:40:17,405 [BombeRLeWorld] INFO: Agent <simple_agent_2> chose action RIGHT in 0.01s.
2019-02-06 15:40:17,406 [BombeRLeWorld] INFO: Agent <simple_agent_1> picked up coin at (2, 3) and receives 1 point
2019-02-06 15:40:17,478 [BombeRLeWorld] INFO: STARTING STEP 70
2019-02-06 15:40:17,512 [BombeRLeWorld] INFO: Agent <simple_agent_1> chose action RIGHT in 0.02s.
2019-02-06 15:40:17,512 [BombeRLeWorld] INFO: Agent <simple_agent_0> chose action UP in 0.02s.
2019-02-06 15:40:17,513 [BombeRLeWorld] INFO: Agent <simple_agent_2> chose action RIGHT in 0.01s.
2019-02-06 15:40:17,514 [BombeRLeWorld] INFO: Agent <simple_agent_3> chose action LEFT in 0.02s.
2019-02-06 15:40:17,580 [BombeRLeWorld] INFO: STARTING STEP 71
2019-02-06 15:40:17,622 [BombeRLeWorld] INFO: Agent <simple_agent_3> chose action LEFT in 0.03s.
2019-02-06 15:40:17,622 [BombeRLeWorld] INFO: Agent <simple_agent_1> chose action RIGHT in 0.02s.
2019-02-06 15:40:17,623 [BombeRLeWorld] INFO: Agent <simple_agent_2> chose action RIGHT in 0.01s.
2019-02-06 15:40:17,623 [BombeRLeWorld] INFO: Agent <simple_agent_0> chose action UP in 0.02s.
2019-02-06 15:40:17,681 [BombeRLeWorld] INFO: STARTING STEP 72
2019-02-06 15:40:17,718 [BombeRLeWorld] INFO: Agent <simple_agent_0> chose action UP in 0.02s.
2019-02-06 15:40:17,719 [BombeRLeWorld] INFO: Agent <simple_agent_3> chose action UP in 0.03s.
2019-02-06 15:40:17,719 [BombeRLeWorld] INFO: Agent <simple_agent_1> chose action RIGHT in 0.02s.
2019-02-06 15:40:17,720 [BombeRLeWorld] INFO: Agent <simple_agent_2> chose action BOMB in 0.01s.
2019-02-06 15:40:17,720 [BombeRLeWorld] INFO: Agent <simple_agent_2> drops bomb at (7, 9)
2019-02-06 15:40:17,783 [BombeRLeWorld] INFO: STARTING STEP 73
2019-02-06 15:40:17,819 [BombeRLeWorld] INFO: Agent <simple_agent_1> chose action RIGHT in 0.01s.
2019-02-06 15:40:17,819 [BombeRLeWorld] INFO: Agent <simple_agent_0> chose action UP in 0.03s.
2019-02-06 15:40:17,820 [BombeRLeWorld] INFO: Agent <simple_agent_2> chose action LEFT in 0.02s.
2019-02-06 15:40:17,821 [BombeRLeWorld] INFO: Agent <simple_agent_3> chose action UP in 0.03s.
2019-02-06 15:40:17,821 [BombeRLeWorld] INFO: Agent <simple_agent_3>'s bomb at (10, 15) explodes
2019-02-06 15:40:17,826 [BombeRLeWorld] INFO: Agent <simple_agent_0>'s bomb at (11, 15) explodes
2019-02-06 15:40:17,885 [BombeRLeWorld] INFO: STARTING STEP 74
2019-02-06 15:40:17,925 [BombeRLeWorld] INFO: Agent <simple_agent_3> chose action LEFT in 0.02s.
2019-02-06 15:40:17,925 [BombeRLeWorld] INFO: Agent <simple_agent_1> chose action RIGHT in 0.01s.
2019-02-06 15:40:17,926 [BombeRLeWorld] INFO: Agent <simple_agent_0> chose action UP in 0.02s.
2019-02-06 15:40:17,926 [BombeRLeWorld] INFO: Agent <simple_agent_2> chose action LEFT in 0.02s.
2019-02-06 15:40:17,986 [BombeRLeWorld] INFO: STARTING STEP 75
2019-02-06 15:40:18,024 [BombeRLeWorld] INFO: Agent <simple_agent_2> chose action LEFT in 0.02s.
2019-02-06 15:40:18,024 [BombeRLeWorld] INFO: Agent <simple_agent_1> chose action RIGHT in 0.01s.
2019-02-06 15:40:18,025 [BombeRLeWorld] INFO: Agent <simple_agent_0> chose action UP in 0.01s.
2019-02-06 15:40:18,025 [BombeRLeWorld] INFO: Agent <simple_agent_3> chose action LEFT in 0.03s.
2019-02-06 15:40:18,088 [BombeRLeWorld] INFO: STARTING STEP 76
2019-02-06 15:40:18,149 [BombeRLeWorld] INFO: Agent <simple_agent_0> chose action UP in 0.00s.
2019-02-06 15:40:18,150 [BombeRLeWorld] INFO: Agent <simple_agent_3> chose action LEFT in 0.01s.
2019-02-06 15:40:18,151 [BombeRLeWorld] INFO: Agent <simple_agent_1> chose action RIGHT in 0.00s.
2019-02-06 15:40:18,152 [BombeRLeWorld] INFO: Agent <simple_agent_2> chose action LEFT in 0.01s.
2019-02-06 15:40:18,196 [BombeRLeWorld] INFO: STARTING STEP 77
2019-02-06 15:40:18,222 [BombeRLeWorld] INFO: Agent <simple_agent_1> chose action BOMB in 0.01s.
2019-02-06 15:40:18,222 [BombeRLeWorld] INFO: Agent <simple_agent_1> drops bomb at (9, 3)
2019-02-06 15:40:18,223 [BombeRLeWorld] INFO: Agent <simple_agent_3> chose action LEFT in 0.02s.
2019-02-06 15:40:18,223 [BombeRLeWorld] INFO: Agent <simple_agent_0> chose action LEFT in 0.01s.
2019-02-06 15:40:18,223 [BombeRLeWorld] INFO: Agent <simple_agent_2> chose action DOWN in 0.01s.
2019-02-06 15:40:18,224 [BombeRLeWorld] INFO: Agent <simple_agent_2>'s bomb at (7, 9) explodes
2019-02-06 15:40:18,224 [BombeRLeWorld] INFO: Coin found at (7, 10)
2019-02-06 15:40:18,224 [BombeRLeWorld] INFO: Coin found at (7, 12)
2019-02-06 15:40:18,298 [BombeRLeWorld] INFO: STARTING STEP 78
2019-02-06 15:40:18,309 [BombeRLeWorld] INFO: Agent <simple_agent_3> chose action UP in 0.00s.
2019-02-06 15:40:18,310 [BombeRLeWorld] INFO: Agent <simple_agent_0> chose action BOMB in 0.00s.
2019-02-06 15:40:18,311 [BombeRLeWorld] INFO: Agent <simple_agent_0> drops bomb at (10, 7)
2019-02-06 15:40:18,312 [BombeRLeWorld] INFO: Agent <simple_agent_1> chose action LEFT in 0.01s.
2019-02-06 15:40:18,313 [BombeRLeWorld] INFO: Agent <simple_agent_2> chose action UP in 0.01s.
2019-02-06 15:40:18,400 [BombeRLeWorld] INFO: STARTING STEP 79
2019-02-06 15:40:18,425 [BombeRLeWorld] INFO: Agent <simple_agent_1> chose action LEFT in 0.02s.
2019-02-06 15:40:18,426 [BombeRLeWorld] INFO: Agent <simple_agent_0> chose action RIGHT in 0.02s.
2019-02-06 15:40:18,427 [BombeRLeWorld] INFO: Agent <simple_agent_2> chose action RIGHT in 0.01s.
2019-02-06 15:40:18,427 [BombeRLeWorld] INFO: Agent <simple_agent_3> chose action UP in 0.01s.
2019-02-06 15:40:18,502 [BombeRLeWorld] INFO: STARTING STEP 80
2019-02-06 15:40:18,538 [BombeRLeWorld] INFO: Agent <simple_agent_2> chose action RIGHT in 0.01s.
2019-02-06 15:40:18,539 [BombeRLeWorld] INFO: Agent <simple_agent_1> chose action LEFT in 0.02s.
2019-02-06 15:40:18,539 [BombeRLeWorld] INFO: Agent <simple_agent_3> chose action UP in 0.02s.
2019-02-06 15:40:18,539 [BombeRLeWorld] INFO: Agent <simple_agent_0> chose action DOWN in 0.02s.
2019-02-06 15:40:18,604 [BombeRLeWorld] INFO: STARTING STEP 81
2019-02-06 15:40:18,641 [BombeRLeWorld] INFO: Agent <simple_agent_0> chose action DOWN in 0.02s.
2019-02-06 15:40:18,642 [BombeRLeWorld] INFO: Agent <simple_agent_1> chose action LEFT in 0.01s.
2019-02-06 15:40:18,642 [BombeRLeWorld] INFO: Agent <simple_agent_2> chose action RIGHT in 0.01s.
2019-02-06 15:40:18,642 [BombeRLeWorld] INFO: Agent <simple_agent_3> chose action UP in 0.01s.
2019-02-06 15:40:18,707 [BombeRLeWorld] INFO: STARTING STEP 82
2019-02-06 15:40:18,734 [BombeRLeWorld] INFO: Agent <simple_agent_0> chose action DOWN in 0.02s.
2019-02-06 15:40:18,734 [BombeRLeWorld] INFO: Agent <simple_agent_1> chose action UP in 0.02s.
2019-02-06 15:40:18,738 [BombeRLeWorld] INFO: Agent <simple_agent_3> chose action RIGHT in 0.01s.
2019-02-06 15:40:18,738 [BombeRLeWorld] INFO: Agent <simple_agent_2> chose action RIGHT in 0.01s.
2019-02-06 15:40:18,739 [BombeRLeWorld] INFO: Agent <simple_agent_1>'s bomb at (9, 3) explodes
2019-02-06 15:40:18,816 [BombeRLeWorld] INFO: STARTING STEP 83
2019-02-06 15:40:18,835 [BombeRLeWorld] INFO: Agent <simple_agent_2> chose action DOWN in 0.00s.
2019-02-06 15:40:18,835 [BombeRLeWorld] INFO: Agent <simple_agent_3> chose action RIGHT in 0.00s.
2019-02-06 15:40:18,836 [BombeRLeWorld] INFO: Agent <simple_agent_0> chose action UP in 0.01s.
2019-02-06 15:40:18,836 [BombeRLeWorld] INFO: Agent <simple_agent_1> chose action DOWN in 0.01s.
2019-02-06 15:40:18,836 [BombeRLeWorld] INFO: Agent <simple_agent_2> picked up coin at (7, 10) and receives 1 point
2019-02-06 15:40:18,836 [BombeRLeWorld] INFO: Agent <simple_agent_0>'s bomb at (10, 7) explodes
2019-02-06 15:40:18,918 [BombeRLeWorld] INFO: STARTING STEP 84
2019-02-06 15:40:18,940 [BombeRLeWorld] INFO: Agent <simple_agent_3> chose action RIGHT in 0.01s.
2019-02-06 15:40:18,940 [BombeRLeWorld] INFO: Agent <simple_agent_2> chose action DOWN in 0.00s.
2019-02-06 15:40:18,941 [BombeRLeWorld] INFO: Agent <simple_agent_1> chose action DOWN in 0.02s.
2019-02-06 15:40:18,941 [BombeRLeWorld] INFO: Agent <simple_agent_0> chose action LEFT in 0.01s.
2019-02-06 15:40:19,020 [BombeRLeWorld] INFO: STARTING STEP 85
2019-02-06 15:40:19,040 [BombeRLeWorld] INFO: Agent <simple_agent_1> chose action DOWN in 0.02s.
2019-02-06 15:40:19,041 [BombeRLeWorld] INFO: Agent <simple_agent_3> chose action RIGHT in 0.01s.
2019-02-06 15:40:19,041 [BombeRLeWorld] INFO: Agent <simple_agent_2> chose action DOWN in 0.00s.
2019-02-06 15:40:19,042 [BombeRLeWorld] INFO: Agent <simple_agent_0> chose action LEFT in 0.01s.
2019-02-06 15:40:19,042 [BombeRLeWorld] INFO: Agent <simple_agent_2> picked up coin at (7, 12) and receives 1 point
2019-02-06 15:40:19,121 [BombeRLeWorld] INFO: STARTING STEP 86
2019-02-06 15:40:19,154 [BombeRLeWorld] INFO: Agent <simple_agent_2> chose action UP in 0.01s.
2019-02-06 15:40:19,154 [BombeRLeWorld] INFO: Agent <simple_agent_3> chose action RIGHT in 0.01s.
2019-02-06 15:40:19,154 [BombeRLeWorld] INFO: Agent <simple_agent_1> chose action BOMB in 0.03s.
2019-02-06 15:40:19,155 [BombeRLeWorld] INFO: Agent <simple_agent_1> drops bomb at (5, 5)
2019-02-06 15:40:19,161 [BombeRLeWorld] INFO: Agent <simple_agent_0> chose action LEFT in 0.01s.
2019-02-06 15:40:19,223 [BombeRLeWorld] INFO: STARTING STEP 87
2019-02-06 15:40:19,270 [BombeRLeWorld] INFO: Agent <simple_agent_3> chose action BOMB in 0.01s.
2019-02-06 15:40:19,270 [BombeRLeWorld] INFO: Agent <simple_agent_3> drops bomb at (8, 9)
2019-02-06 15:40:19,271 [BombeRLeWorld] INFO: Agent <simple_agent_0> chose action BOMB in 0.01s.
2019-02-06 15:40:19,271 [BombeRLeWorld] INFO: Agent <simple_agent_0> drops bomb at (9, 9)
2019-02-06 15:40:19,272 [BombeRLeWorld] INFO: Agent <simple_agent_2> chose action UP in 0.01s.
2019-02-06 15:40:19,272 [BombeRLeWorld] INFO: Agent <simple_agent_1> chose action UP in 0.04s.
2019-02-06 15:40:19,325 [BombeRLeWorld] INFO: STARTING STEP 88
2019-02-06 15:40:19,366 [BombeRLeWorld] INFO: Agent <simple_agent_3> chose action LEFT in 0.01s.
2019-02-06 15:40:19,366 [BombeRLeWorld] INFO: Agent <simple_agent_2> chose action UP in 0.02s.
2019-02-06 15:40:19,366 [BombeRLeWorld] INFO: Agent <simple_agent_1> chose action UP in 0.04s.
2019-02-06 15:40:19,367 [BombeRLeWorld] INFO: Agent <simple_agent_0> chose action DOWN in 0.00s.
2019-02-06 15:40:19,427 [BombeRLeWorld] INFO: STARTING STEP 89
2019-02-06 15:40:19,457 [BombeRLeWorld] INFO: Agent <simple_agent_2> chose action BOMB in 0.01s.
2019-02-06 15:40:19,457 [BombeRLeWorld] INFO: Agent <simple_agent_2> drops bomb at (7, 10)
2019-02-06 15:40:19,458 [BombeRLeWorld] INFO: Agent <simple_agent_0> chose action DOWN in 0.01s.
2019-02-06 15:40:19,458 [BombeRLeWorld] INFO: Agent <simple_agent_3> chose action UP in 0.01s.
2019-02-06 15:40:19,458 [BombeRLeWorld] INFO: Agent <simple_agent_1> chose action RIGHT in 0.03s.
2019-02-06 15:40:19,535 [BombeRLeWorld] INFO: STARTING STEP 90
2019-02-06 15:40:19,579 [BombeRLeWorld] INFO: Agent <simple_agent_3> chose action UP in 0.01s.
2019-02-06 15:40:19,580 [BombeRLeWorld] INFO: Agent <simple_agent_2> chose action UP in 0.02s.
2019-02-06 15:40:19,580 [BombeRLeWorld] INFO: Agent <simple_agent_1> chose action RIGHT in 0.03s.
2019-02-06 15:40:19,580 [BombeRLeWorld] INFO: Agent <simple_agent_0> chose action RIGHT in 0.01s.
2019-02-06 15:40:19,637 [BombeRLeWorld] INFO: STARTING STEP 91
2019-02-06 15:40:19,653 [BombeRLeWorld] INFO: Agent <simple_agent_1> chose action LEFT in 0.01s.
2019-02-06 15:40:19,653 [BombeRLeWorld] INFO: Agent <simple_agent_2> chose action UP in 0.01s.
2019-02-06 15:40:19,654 [BombeRLeWorld] INFO: Agent <simple_agent_3> chose action UP in 0.00s.
2019-02-06 15:40:19,654 [BombeRLeWorld] INFO: Agent <simple_agent_0> chose action RIGHT in 0.01s.
2019-02-06 15:40:19,654 [BombeRLeWorld] INFO: Agent <simple_agent_1>'s bomb at (5, 5) explodes
2019-02-06 15:40:19,739 [BombeRLeWorld] INFO: STARTING STEP 92
2019-02-06 15:40:19,769 [BombeRLeWorld] INFO: Agent <simple_agent_0> chose action UP in 0.01s.
2019-02-06 15:40:19,770 [BombeRLeWorld] INFO: Agent <simple_agent_3> chose action DOWN in 0.00s.
2019-02-06 15:40:19,770 [BombeRLeWorld] INFO: Agent <simple_agent_1> chose action RIGHT in 0.03s.
2019-02-06 15:40:19,770 [BombeRLeWorld] INFO: Agent <simple_agent_2> chose action UP in 0.03s.
2019-02-06 15:40:19,771 [BombeRLeWorld] INFO: Agent <simple_agent_3>'s bomb at (8, 9) explodes
2019-02-06 15:40:19,775 [BombeRLeWorld] INFO: Agent <simple_agent_0>'s bomb at (9, 9) explodes
2019-02-06 15:40:19,842 [BombeRLeWorld] INFO: STARTING STEP 93
2019-02-06 15:40:19,883 [BombeRLeWorld] INFO: Agent <simple_agent_1> chose action RIGHT in 0.02s.
2019-02-06 15:40:19,883 [BombeRLeWorld] INFO: Agent <simple_agent_0> chose action DOWN in 0.01s.
2019-02-06 15:40:19,884 [BombeRLeWorld] INFO: Agent <simple_agent_3> chose action RIGHT in 0.01s.
2019-02-06 15:40:19,884 [BombeRLeWorld] INFO: Agent <simple_agent_2> chose action WAIT in 0.01s.
2019-02-06 15:40:19,944 [BombeRLeWorld] INFO: STARTING STEP 94
2019-02-06 15:40:19,973 [BombeRLeWorld] INFO: Agent <simple_agent_3> chose action RIGHT in 0.01s.
2019-02-06 15:40:19,975 [BombeRLeWorld] INFO: Agent <simple_agent_2> chose action WAIT in 0.01s.
2019-02-06 15:40:19,975 [BombeRLeWorld] INFO: Agent <simple_agent_0> chose action LEFT in 0.01s.
2019-02-06 15:40:19,975 [BombeRLeWorld] INFO: Agent <simple_agent_1> chose action RIGHT in 0.02s.
2019-02-06 15:40:19,976 [BombeRLeWorld] INFO: Agent <simple_agent_2>'s bomb at (7, 10) explodes
2019-02-06 15:40:19,979 [BombeRLeWorld] INFO: Agent <simple_agent_2> blown up by own bomb
2019-02-06 15:40:20,053 [BombeRLeWorld] INFO: STARTING STEP 95
2019-02-06 15:40:20,087 [BombeRLeWorld] INFO: Agent <simple_agent_1> chose action RIGHT in 0.02s.
2019-02-06 15:40:20,087 [BombeRLeWorld] INFO: Agent <simple_agent_3> chose action UP in 0.01s.
2019-02-06 15:40:20,087 [BombeRLeWorld] INFO: Agent <simple_agent_0> chose action LEFT in 0.01s.
2019-02-06 15:40:20,161 [BombeRLeWorld] INFO: STARTING STEP 96
2019-02-06 15:40:20,192 [BombeRLeWorld] INFO: Agent <simple_agent_0> chose action DOWN in 0.00s.
2019-02-06 15:40:20,192 [BombeRLeWorld] INFO: Agent <simple_agent_1> chose action LEFT in 0.02s.
2019-02-06 15:40:20,193 [BombeRLeWorld] INFO: Agent <simple_agent_3> chose action UP in 0.01s.
2019-02-06 15:40:20,267 [BombeRLeWorld] INFO: STARTING STEP 97
2019-02-06 15:40:20,297 [BombeRLeWorld] INFO: Agent <simple_agent_3> chose action UP in 0.01s.
2019-02-06 15:40:20,298 [BombeRLeWorld] INFO: Agent <simple_agent_1> chose action LEFT in 0.02s.
2019-02-06 15:40:20,298 [BombeRLeWorld] INFO: Agent <simple_agent_0> chose action BOMB in 0.01s.
2019-02-06 15:40:20,298 [BombeRLeWorld] INFO: Agent <simple_agent_0> drops bomb at (9, 12)
2019-02-06 15:40:20,369 [BombeRLeWorld] INFO: STARTING STEP 98
2019-02-06 15:40:20,385 [BombeRLeWorld] INFO: Agent <simple_agent_3> chose action UP in 0.00s.
2019-02-06 15:40:20,385 [BombeRLeWorld] INFO: Agent <simple_agent_0> chose action UP in 0.01s.
2019-02-06 15:40:20,385 [BombeRLeWorld] INFO: Agent <simple_agent_1> chose action LEFT in 0.01s.
2019-02-06 15:40:20,471 [BombeRLeWorld] INFO: STARTING STEP 99
2019-02-06 15:40:20,503 [BombeRLeWorld] INFO: Agent <simple_agent_3> chose action LEFT in 0.01s.
2019-02-06 15:40:20,504 [BombeRLeWorld] INFO: Agent <simple_agent_0> chose action RIGHT in 0.02s.
2019-02-06 15:40:20,504 [BombeRLeWorld] INFO: Agent <simple_agent_1> chose action BOMB in 0.03s.
2019-02-06 15:40:20,504 [BombeRLeWorld] INFO: Agent <simple_agent_1> drops bomb at (7, 3)
2019-02-06 15:40:20,573 [BombeRLeWorld] INFO: STARTING STEP 100
2019-02-06 15:40:20,622 [BombeRLeWorld] INFO: Agent <simple_agent_0> chose action LEFT in 0.03s.
2019-02-06 15:40:20,622 [BombeRLeWorld] INFO: Agent <simple_agent_1> chose action LEFT in 0.04s.
2019-02-06 15:40:20,622 [BombeRLeWorld] INFO: Agent <simple_agent_3> chose action RIGHT in 0.03s.
2019-02-06 15:40:20,675 [BombeRLeWorld] INFO: STARTING STEP 101
2019-02-06 15:40:20,717 [BombeRLeWorld] INFO: Agent <simple_agent_0> chose action RIGHT in 0.04s.
2019-02-06 15:40:20,717 [BombeRLeWorld] INFO: Agent <simple_agent_1> chose action LEFT in 0.03s.
2019-02-06 15:40:20,717 [BombeRLeWorld] INFO: Agent <simple_agent_3> chose action DOWN in 0.01s.
2019-02-06 15:40:20,777 [BombeRLeWorld] INFO: STARTING STEP 102
2019-02-06 15:40:20,815 [BombeRLeWorld] INFO: Agent <simple_agent_1> chose action DOWN in 0.03s.
2019-02-06 15:40:20,815 [BombeRLeWorld] INFO: Agent <simple_agent_3> chose action UP in 0.01s.
2019-02-06 15:40:20,816 [BombeRLeWorld] INFO: Agent <simple_agent_0> chose action RIGHT in 0.03s.
2019-02-06 15:40:20,816 [BombeRLeWorld] INFO: Agent <simple_agent_0>'s bomb at (9, 12) explodes
2019-02-06 15:40:20,885 [BombeRLeWorld] INFO: STARTING STEP 103
2019-02-06 15:40:20,927 [BombeRLeWorld] INFO: Agent <simple_agent_3> chose action DOWN in 0.01s.
2019-02-06 15:40:20,927 [BombeRLeWorld] INFO: Agent <simple_agent_1> chose action DOWN in 0.03s.
2019-02-06 15:40:20,928 [BombeRLeWorld] INFO: Agent <simple_agent_0> chose action DOWN in 0.03s.
2019-02-06 15:40:20,993 [BombeRLeWorld] INFO: STARTING STEP 104
2019-02-06 15:40:21,024 [BombeRLeWorld] INFO: Agent <simple_agent_0> chose action DOWN in 0.03s.
2019-02-06 15:40:21,025 [BombeRLeWorld] INFO: Agent <simple_agent_3> chose action DOWN in 0.01s.
2019-02-06 15:40:21,025 [BombeRLeWorld] INFO: Agent <simple_agent_1> chose action DOWN in 0.03s.
2019-02-06 15:40:21,025 [BombeRLeWorld] INFO: Agent <simple_agent_1>'s bomb at (7, 3) explodes
2019-02-06 15:40:21,095 [BombeRLeWorld] INFO: STARTING STEP 105
2019-02-06 15:40:21,115 [BombeRLeWorld] INFO: Agent <simple_agent_3> chose action LEFT in 0.00s.
2019-02-06 15:40:21,116 [BombeRLeWorld] INFO: Agent <simple_agent_1> chose action DOWN in 0.02s.
2019-02-06 15:40:21,116 [BombeRLeWorld] INFO: Agent <simple_agent_0> chose action BOMB in 0.02s.
2019-02-06 15:40:21,116 [BombeRLeWorld] INFO: Agent <simple_agent_0> drops bomb at (11, 13)
2019-02-06 15:40:21,197 [BombeRLeWorld] INFO: STARTING STEP 106
2019-02-06 15:40:21,237 [BombeRLeWorld] INFO: Agent <simple_agent_1> chose action BOMB in 0.03s.
2019-02-06 15:40:21,237 [BombeRLeWorld] INFO: Agent <simple_agent_1> drops bomb at (5, 7)
2019-02-06 15:40:21,238 [BombeRLeWorld] INFO: Agent <simple_agent_0> chose action UP in 0.03s.
2019-02-06 15:40:21,238 [BombeRLeWorld] INFO: Agent <simple_agent_3> chose action LEFT in 0.01s.
2019-02-06 15:40:21,299 [BombeRLeWorld] INFO: STARTING STEP 107
2019-02-06 15:40:21,341 [BombeRLeWorld] INFO: Agent <simple_agent_3> chose action RIGHT in 0.03s.
2019-02-06 15:40:21,341 [BombeRLeWorld] INFO: Agent <simple_agent_0> chose action UP in 0.03s.
2019-02-06 15:40:21,342 [BombeRLeWorld] INFO: Agent <simple_agent_1> chose action UP in 0.01s.
2019-02-06 15:40:21,400 [BombeRLeWorld] INFO: STARTING STEP 108
2019-02-06 15:40:21,436 [BombeRLeWorld] INFO: Agent <simple_agent_0> chose action RIGHT in 0.03s.
2019-02-06 15:40:21,437 [BombeRLeWorld] INFO: Agent <simple_agent_1> chose action UP in 0.01s.
2019-02-06 15:40:21,437 [BombeRLeWorld] INFO: Agent <simple_agent_3> chose action LEFT in 0.01s.
2019-02-06 15:40:21,502 [BombeRLeWorld] INFO: STARTING STEP 109
2019-02-06 15:40:21,540 [BombeRLeWorld] INFO: Agent <simple_agent_0> chose action RIGHT in 0.03s.
2019-02-06 15:40:21,540 [BombeRLeWorld] INFO: Agent <simple_agent_3> chose action LEFT in 0.01s.
2019-02-06 15:40:21,541 [BombeRLeWorld] INFO: Agent <simple_agent_1> chose action RIGHT in 0.01s.
2019-02-06 15:40:21,610 [BombeRLeWorld] INFO: STARTING STEP 110
2019-02-06 15:40:21,647 [BombeRLeWorld] INFO: Agent <simple_agent_0> chose action UP in 0.02s.
2019-02-06 15:40:21,647 [BombeRLeWorld] INFO: Agent <simple_agent_1> chose action LEFT in 0.01s.
2019-02-06 15:40:21,647 [BombeRLeWorld] INFO: Agent <simple_agent_3> chose action BOMB in 0.01s.
2019-02-06 15:40:21,647 [BombeRLeWorld] INFO: Agent <simple_agent_3> drops bomb at (6, 5)
2019-02-06 15:40:21,648 [BombeRLeWorld] INFO: Agent <simple_agent_0>'s bomb at (11, 13) explodes
2019-02-06 15:40:21,718 [BombeRLeWorld] INFO: STARTING STEP 111
2019-02-06 15:40:21,741 [BombeRLeWorld] INFO: Agent <simple_agent_0> chose action UP in 0.02s.
2019-02-06 15:40:21,741 [BombeRLeWorld] INFO: Agent <simple_agent_3> chose action RIGHT in 0.01s.
2019-02-06 15:40:21,741 [BombeRLeWorld] INFO: Agent <simple_agent_1> chose action LEFT in 0.01s.
2019-02-06 15:40:21,741 [BombeRLeWorld] INFO: Agent <simple_agent_1>'s bomb at (5, 7) explodes
2019-02-06 15:40:21,820 [BombeRLeWorld] INFO: STARTING STEP 112
2019-02-06 15:40:21,835 [BombeRLeWorld] INFO: Agent <simple_agent_1> chose action DOWN in 0.00s.
2019-02-06 15:40:21,835 [BombeRLeWorld] INFO: Agent <simple_agent_0> chose action BOMB in 0.01s.
2019-02-06 15:40:21,835 [BombeRLeWorld] INFO: Agent <simple_agent_0> drops bomb at (13, 9)
2019-02-06 15:40:21,836 [BombeRLeWorld] INFO: Agent <simple_agent_3> chose action DOWN in 0.00s.
2019-02-06 15:40:21,923 [BombeRLeWorld] INFO: STARTING STEP 113
2019-02-06 15:40:21,936 [BombeRLeWorld] INFO: Agent <simple_agent_0> chose action LEFT in 0.01s.
2019-02-06 15:40:21,937 [BombeRLeWorld] INFO: Agent <simple_agent_1> chose action DOWN in 0.00s.
2019-02-06 15:40:21,937 [BombeRLeWorld] INFO: Agent <simple_agent_3> chose action DOWN in 0.01s.
2019-02-06 15:40:22,025 [BombeRLeWorld] INFO: STARTING STEP 114
2019-02-06 15:40:22,036 [BombeRLeWorld] INFO: Agent <simple_agent_3> chose action UP in 0.01s.
2019-02-06 15:40:22,037 [BombeRLeWorld] INFO: Agent <simple_agent_1> chose action RIGHT in 0.01s.
2019-02-06 15:40:22,037 [BombeRLeWorld] INFO: Agent <simple_agent_0> chose action LEFT in 0.01s.
2019-02-06 15:40:22,128 [BombeRLeWorld] INFO: STARTING STEP 115
2019-02-06 15:40:22,148 [BombeRLeWorld] INFO: Agent <simple_agent_3> chose action DOWN in 0.01s.
2019-02-06 15:40:22,149 [BombeRLeWorld] INFO: Agent <simple_agent_1> chose action RIGHT in 0.01s.
2019-02-06 15:40:22,150 [BombeRLeWorld] INFO: Agent <simple_agent_0> chose action DOWN in 0.02s.
2019-02-06 15:40:22,150 [BombeRLeWorld] INFO: Agent <simple_agent_3>'s bomb at (6, 5) explodes
2019-02-06 15:40:22,230 [BombeRLeWorld] INFO: STARTING STEP 116
2019-02-06 15:40:22,267 [BombeRLeWorld] INFO: Agent <simple_agent_1> chose action RIGHT in 0.01s.
2019-02-06 15:40:22,268 [BombeRLeWorld] INFO: Agent <simple_agent_0> chose action DOWN in 0.02s.
2019-02-06 15:40:22,268 [BombeRLeWorld] INFO: Agent <simple_agent_3> chose action LEFT in 0.01s.
2019-02-06 15:40:22,332 [BombeRLeWorld] INFO: STARTING STEP 117
2019-02-06 15:40:22,365 [BombeRLeWorld] INFO: Agent <simple_agent_0> chose action UP in 0.02s.
2019-02-06 15:40:22,365 [BombeRLeWorld] INFO: Agent <simple_agent_3> chose action BOMB in 0.01s.
2019-02-06 15:40:22,366 [BombeRLeWorld] INFO: Agent <simple_agent_3> drops bomb at (7, 7)
2019-02-06 15:40:22,366 [BombeRLeWorld] INFO: Agent <simple_agent_1> chose action BOMB in 0.01s.
2019-02-06 15:40:22,367 [BombeRLeWorld] INFO: Agent <simple_agent_1> drops bomb at (6, 7)
2019-02-06 15:40:22,367 [BombeRLeWorld] INFO: Agent <simple_agent_0>'s bomb at (13, 9) explodes
2019-02-06 15:40:22,440 [BombeRLeWorld] INFO: STARTING STEP 118
2019-02-06 15:40:22,487 [BombeRLeWorld] INFO: Agent <simple_agent_0> chose action DOWN in 0.04s.
2019-02-06 15:40:22,487 [BombeRLeWorld] INFO: Agent <simple_agent_1> chose action LEFT in 0.03s.
2019-02-06 15:40:22,487 [BombeRLeWorld] INFO: Agent <simple_agent_3> chose action UP in 0.03s.
2019-02-06 15:40:22,548 [BombeRLeWorld] INFO: STARTING STEP 119
2019-02-06 15:40:22,576 [BombeRLeWorld] INFO: Agent <simple_agent_3> chose action UP in 0.02s.
2019-02-06 15:40:22,577 [BombeRLeWorld] INFO: Agent <simple_agent_1> chose action DOWN in 0.02s.
2019-02-06 15:40:22,577 [BombeRLeWorld] INFO: Agent <simple_agent_0> chose action RIGHT in 0.03s.
2019-02-06 15:40:22,650 [BombeRLeWorld] INFO: STARTING STEP 120
2019-02-06 15:40:22,664 [BombeRLeWorld] INFO: Agent <simple_agent_3> chose action RIGHT in 0.01s.
2019-02-06 15:40:22,664 [BombeRLeWorld] INFO: Agent <simple_agent_0> chose action RIGHT in 0.01s.
2019-02-06 15:40:22,664 [BombeRLeWorld] INFO: Agent <simple_agent_1> chose action UP in 0.01s.
2019-02-06 15:40:22,753 [BombeRLeWorld] INFO: STARTING STEP 121
2019-02-06 15:40:22,793 [BombeRLeWorld] INFO: Agent <simple_agent_3> chose action RIGHT in 0.03s.
2019-02-06 15:40:22,794 [BombeRLeWorld] INFO: Agent <simple_agent_1> chose action DOWN in 0.03s.
2019-02-06 15:40:22,794 [BombeRLeWorld] INFO: Agent <simple_agent_0> chose action UP in 0.03s.
2019-02-06 15:40:22,855 [BombeRLeWorld] INFO: STARTING STEP 122
2019-02-06 15:40:22,903 [BombeRLeWorld] INFO: Agent <simple_agent_3> chose action UP in 0.04s.
2019-02-06 15:40:22,903 [BombeRLeWorld] INFO: Agent <simple_agent_1> chose action DOWN in 0.04s.
2019-02-06 15:40:22,903 [BombeRLeWorld] INFO: Agent <simple_agent_0> chose action UP in 0.04s.
2019-02-06 15:40:22,904 [BombeRLeWorld] INFO: Agent <simple_agent_3>'s bomb at (7, 7) explodes
2019-02-06 15:40:22,907 [BombeRLeWorld] INFO: Agent <simple_agent_1>'s bomb at (6, 7) explodes
2019-02-06 15:40:22,957 [BombeRLeWorld] INFO: STARTING STEP 123
2019-02-06 15:40:22,996 [BombeRLeWorld] INFO: Agent <simple_agent_3> chose action UP in 0.04s.
2019-02-06 15:40:22,996 [BombeRLeWorld] INFO: Agent <simple_agent_0> chose action UP in 0.04s.
2019-02-06 15:40:22,996 [BombeRLeWorld] INFO: Agent <simple_agent_1> chose action UP in 0.03s.
2019-02-06 15:40:23,059 [BombeRLeWorld] INFO: STARTING STEP 124
2019-02-06 15:40:23,094 [BombeRLeWorld] INFO: Agent <simple_agent_0> chose action UP in 0.02s.
2019-02-06 15:40:23,095 [BombeRLeWorld] INFO: Agent <simple_agent_3> chose action UP in 0.03s.
2019-02-06 15:40:23,095 [BombeRLeWorld] INFO: Agent <simple_agent_1> chose action UP in 0.03s.
2019-02-06 15:40:23,167 [BombeRLeWorld] INFO: STARTING STEP 125
2019-02-06 15:40:23,209 [BombeRLeWorld] INFO: Agent <simple_agent_3> chose action DOWN in 0.02s.
2019-02-06 15:40:23,209 [BombeRLeWorld] INFO: Agent <simple_agent_0> chose action LEFT in 0.02s.
2019-02-06 15:40:23,209 [BombeRLeWorld] INFO: Agent <simple_agent_1> chose action UP in 0.03s.
2019-02-06 15:40:23,274 [BombeRLeWorld] INFO: STARTING STEP 126
2019-02-06 15:40:23,304 [BombeRLeWorld] INFO: Agent <simple_agent_0> chose action LEFT in 0.01s.
2019-02-06 15:40:23,304 [BombeRLeWorld] INFO: Agent <simple_agent_1> chose action UP in 0.02s.
2019-02-06 15:40:23,305 [BombeRLeWorld] INFO: Agent <simple_agent_3> chose action DOWN in 0.01s.
2019-02-06 15:40:23,376 [BombeRLeWorld] INFO: STARTING STEP 127
2019-02-06 15:40:23,396 [BombeRLeWorld] INFO: Agent <simple_agent_1> chose action RIGHT in 0.02s.
2019-02-06 15:40:23,396 [BombeRLeWorld] INFO: Agent <simple_agent_3> chose action DOWN in 0.01s.
2019-02-06 15:40:23,396 [BombeRLeWorld] INFO: Agent <simple_agent_0> chose action UP in 0.00s.
2019-02-06 15:40:23,478 [BombeRLeWorld] INFO: STARTING STEP 128
2019-02-06 15:40:23,494 [BombeRLeWorld] INFO: Agent <simple_agent_1> chose action RIGHT in 0.01s.
2019-02-06 15:40:23,494 [BombeRLeWorld] INFO: Agent <simple_agent_3> chose action LEFT in 0.00s.
2019-02-06 15:40:23,494 [BombeRLeWorld] INFO: Agent <simple_agent_0> chose action UP in 0.00s.
2019-02-06 15:40:23,580 [BombeRLeWorld] INFO: STARTING STEP 129
2019-02-06 15:40:23,598 [BombeRLeWorld] INFO: Agent <simple_agent_0> chose action LEFT in 0.00s.
2019-02-06 15:40:23,599 [BombeRLeWorld] INFO: Agent <simple_agent_3> chose action BOMB in 0.00s.
2019-02-06 15:40:23,599 [BombeRLeWorld] INFO: Agent <simple_agent_3> drops bomb at (8, 5)
2019-02-06 15:40:23,600 [BombeRLeWorld] INFO: Agent <simple_agent_1> chose action BOMB in 0.02s.
2019-02-06 15:40:23,600 [BombeRLeWorld] INFO: Agent <simple_agent_1> drops bomb at (7, 5)
2019-02-06 15:40:23,682 [BombeRLeWorld] INFO: STARTING STEP 130
2019-02-06 15:40:23,719 [BombeRLeWorld] INFO: Agent <simple_agent_1> chose action UP in 0.01s.
2019-02-06 15:40:23,719 [BombeRLeWorld] INFO: Agent <simple_agent_0> chose action RIGHT in 0.03s.
2019-02-06 15:40:23,720 [BombeRLeWorld] INFO: Agent <simple_agent_3> chose action RIGHT in 0.01s.
2019-02-06 15:40:23,784 [BombeRLeWorld] INFO: STARTING STEP 131
2019-02-06 15:40:23,805 [BombeRLeWorld] INFO: Agent <simple_agent_3> chose action DOWN in 0.01s.
2019-02-06 15:40:23,811 [BombeRLeWorld] INFO: Agent <simple_agent_0> chose action DOWN in 0.01s.
2019-02-06 15:40:23,812 [BombeRLeWorld] INFO: Agent <simple_agent_1> chose action UP in 0.01s.
2019-02-06 15:40:23,892 [BombeRLeWorld] INFO: STARTING STEP 132
2019-02-06 15:40:23,921 [BombeRLeWorld] INFO: Agent <simple_agent_1> chose action RIGHT in 0.01s.
2019-02-06 15:40:23,921 [BombeRLeWorld] INFO: Agent <simple_agent_3> chose action DOWN in 0.01s.
2019-02-06 15:40:23,921 [BombeRLeWorld] INFO: Agent <simple_agent_0> chose action UP in 0.01s.
2019-02-06 15:40:24,000 [BombeRLeWorld] INFO: STARTING STEP 133
2019-02-06 15:40:24,014 [BombeRLeWorld] INFO: Agent <simple_agent_0> chose action DOWN in 0.01s.
2019-02-06 15:40:24,014 [BombeRLeWorld] INFO: Agent <simple_agent_3> chose action RIGHT in 0.01s.
2019-02-06 15:40:24,014 [BombeRLeWorld] INFO: Agent <simple_agent_1> chose action RIGHT in 0.01s.
2019-02-06 15:40:24,101 [BombeRLeWorld] INFO: STARTING STEP 134
2019-02-06 15:40:24,115 [BombeRLeWorld] INFO: Agent <simple_agent_0> chose action DOWN in 0.01s.
2019-02-06 15:40:24,115 [BombeRLeWorld] INFO: Agent <simple_agent_3> chose action RIGHT in 0.01s.
2019-02-06 15:40:24,116 [BombeRLeWorld] INFO: Agent <simple_agent_1> chose action DOWN in 0.01s.
2019-02-06 15:40:24,117 [BombeRLeWorld] INFO: Agent <simple_agent_3>'s bomb at (8, 5) explodes
2019-02-06 15:40:24,124 [BombeRLeWorld] INFO: Agent <simple_agent_1>'s bomb at (7, 5) explodes
2019-02-06 15:40:24,204 [BombeRLeWorld] INFO: STARTING STEP 135
2019-02-06 15:40:24,216 [BombeRLeWorld] INFO: Agent <simple_agent_0> chose action BOMB in 0.01s.
2019-02-06 15:40:24,216 [BombeRLeWorld] INFO: Agent <simple_agent_0> drops bomb at (11, 7)
2019-02-06 15:40:24,218 [BombeRLeWorld] INFO: Agent <simple_agent_1> chose action UP in 0.01s.
2019-02-06 15:40:24,219 [BombeRLeWorld] INFO: Agent <simple_agent_3> chose action BOMB in 0.01s.
2019-02-06 15:40:24,219 [BombeRLeWorld] INFO: Agent <simple_agent_3> drops bomb at (10, 7)
2019-02-06 15:40:24,306 [BombeRLeWorld] INFO: STARTING STEP 136
2019-02-06 15:40:24,346 [BombeRLeWorld] INFO: Agent <simple_agent_1> chose action UP in 0.03s.
2019-02-06 15:40:24,346 [BombeRLeWorld] INFO: Agent <simple_agent_0> chose action RIGHT in 0.02s.
2019-02-06 15:40:24,347 [BombeRLeWorld] INFO: Agent <simple_agent_3> chose action LEFT in 0.01s.
2019-02-06 15:40:24,408 [BombeRLeWorld] INFO: STARTING STEP 137
2019-02-06 15:40:24,432 [BombeRLeWorld] INFO: Agent <simple_agent_1> chose action DOWN in 0.01s.
2019-02-06 15:40:24,439 [BombeRLeWorld] INFO: Agent <simple_agent_0> chose action RIGHT in 0.01s.
2019-02-06 15:40:24,440 [BombeRLeWorld] INFO: Agent <simple_agent_3> chose action DOWN in 0.01s.
2019-02-06 15:40:24,511 [BombeRLeWorld] INFO: STARTING STEP 138
2019-02-06 15:40:24,543 [BombeRLeWorld] INFO: Agent <simple_agent_0> chose action DOWN in 0.01s.
2019-02-06 15:40:24,544 [BombeRLeWorld] INFO: Agent <simple_agent_3> chose action UP in 0.01s.
2019-02-06 15:40:24,545 [BombeRLeWorld] INFO: Agent <simple_agent_1> chose action DOWN in 0.01s.
2019-02-06 15:40:24,614 [BombeRLeWorld] INFO: STARTING STEP 139
2019-02-06 15:40:24,644 [BombeRLeWorld] INFO: Agent <simple_agent_3> chose action DOWN in 0.01s.
2019-02-06 15:40:24,644 [BombeRLeWorld] INFO: Agent <simple_agent_0> chose action DOWN in 0.01s.
2019-02-06 15:40:24,645 [BombeRLeWorld] INFO: Agent <simple_agent_1> chose action DOWN in 0.01s.
2019-02-06 15:40:24,721 [BombeRLeWorld] INFO: STARTING STEP 140
2019-02-06 15:40:24,747 [BombeRLeWorld] INFO: Agent <simple_agent_0> chose action LEFT in 0.01s.
2019-02-06 15:40:24,748 [BombeRLeWorld] INFO: Agent <simple_agent_3> chose action DOWN in 0.01s.
2019-02-06 15:40:24,749 [BombeRLeWorld] INFO: Agent <simple_agent_1> chose action DOWN in 0.01s.
2019-02-06 15:40:24,750 [BombeRLeWorld] INFO: Agent <simple_agent_0>'s bomb at (11, 7) explodes
2019-02-06 15:40:24,756 [BombeRLeWorld] INFO: Agent <simple_agent_3>'s bomb at (10, 7) explodes
2019-02-06 15:40:24,830 [BombeRLeWorld] INFO: STARTING STEP 141
2019-02-06 15:40:24,843 [BombeRLeWorld] INFO: Agent <simple_agent_0> chose action RIGHT in 0.01s.
2019-02-06 15:40:24,843 [BombeRLeWorld] INFO: Agent <simple_agent_3> chose action RIGHT in 0.00s.
2019-02-06 15:40:24,844 [BombeRLeWorld] INFO: Agent <simple_agent_1> chose action UP in 0.01s.
2019-02-06 15:40:24,931 [BombeRLeWorld] INFO: STARTING STEP 142
2019-02-06 15:40:24,946 [BombeRLeWorld] INFO: Agent <simple_agent_1> chose action DOWN in 0.01s.
2019-02-06 15:40:24,947 [BombeRLeWorld] INFO: Agent <simple_agent_0> chose action LEFT in 0.01s.
2019-02-06 15:40:24,947 [BombeRLeWorld] INFO: Agent <simple_agent_3> chose action RIGHT in 0.01s.
2019-02-06 15:40:25,033 [BombeRLeWorld] INFO: STARTING STEP 143
2019-02-06 15:40:25,046 [BombeRLeWorld] INFO: Agent <simple_agent_0> chose action BOMB in 0.01s.
2019-02-06 15:40:25,047 [BombeRLeWorld] INFO: Agent <simple_agent_0> drops bomb at (12, 9)
2019-02-06 15:40:25,049 [BombeRLeWorld] INFO: Agent <simple_agent_1> chose action DOWN in 0.01s.
2019-02-06 15:40:25,050 [BombeRLeWorld] INFO: Agent <simple_agent_3> chose action BOMB in 0.01s.
2019-02-06 15:40:25,051 [BombeRLeWorld] INFO: Agent <simple_agent_3> drops bomb at (11, 9)
2019-02-06 15:40:25,135 [BombeRLeWorld] INFO: STARTING STEP 144
2019-02-06 15:40:25,153 [BombeRLeWorld] INFO: Agent <simple_agent_1> chose action UP in 0.02s.
2019-02-06 15:40:25,154 [BombeRLeWorld] INFO: Agent <simple_agent_3> chose action UP in 0.01s.
2019-02-06 15:40:25,154 [BombeRLeWorld] INFO: Agent <simple_agent_0> chose action RIGHT in 0.01s.
2019-02-06 15:40:25,237 [BombeRLeWorld] INFO: STARTING STEP 145
2019-02-06 15:40:25,247 [BombeRLeWorld] INFO: Agent <simple_agent_3> chose action UP in 0.01s.
2019-02-06 15:40:25,247 [BombeRLeWorld] INFO: Agent <simple_agent_0> chose action DOWN in 0.01s.
2019-02-06 15:40:25,248 [BombeRLeWorld] INFO: Agent <simple_agent_1> chose action DOWN in 0.01s.
2019-02-06 15:40:25,338 [BombeRLeWorld] INFO: STARTING STEP 146
2019-02-06 15:40:25,365 [BombeRLeWorld] INFO: Agent <simple_agent_1> chose action RIGHT in 0.01s.
2019-02-06 15:40:25,369 [BombeRLeWorld] INFO: Agent <simple_agent_0> chose action UP in 0.01s.
2019-02-06 15:40:25,370 [BombeRLeWorld] INFO: Agent <simple_agent_3> chose action RIGHT in 0.01s.
2019-02-06 15:40:25,446 [BombeRLeWorld] INFO: STARTING STEP 147
2019-02-06 15:40:25,469 [BombeRLeWorld] INFO: Agent <simple_agent_3> chose action RIGHT in 0.00s.
2019-02-06 15:40:25,469 [BombeRLeWorld] INFO: Agent <simple_agent_1> chose action LEFT in 0.00s.
2019-02-06 15:40:25,469 [BombeRLeWorld] INFO: Agent <simple_agent_0> chose action DOWN in 0.02s.
2019-02-06 15:40:25,547 [BombeRLeWorld] INFO: STARTING STEP 148
2019-02-06 15:40:25,569 [BombeRLeWorld] INFO: Agent <simple_agent_0> chose action DOWN in 0.02s.
2019-02-06 15:40:25,569 [BombeRLeWorld] INFO: Agent <simple_agent_1> chose action RIGHT in 0.01s.
2019-02-06 15:40:25,569 [BombeRLeWorld] INFO: Agent <simple_agent_3> chose action DOWN in 0.00s.
2019-02-06 15:40:25,570 [BombeRLeWorld] INFO: Agent <simple_agent_0>'s bomb at (12, 9) explodes
2019-02-06 15:40:25,572 [BombeRLeWorld] INFO: Agent <simple_agent_3>'s bomb at (11, 9) explodes
2019-02-06 15:40:25,649 [BombeRLeWorld] INFO: STARTING STEP 149
2019-02-06 15:40:25,665 [BombeRLeWorld] INFO: Agent <simple_agent_3> chose action UP in 0.00s.
2019-02-06 15:40:25,665 [BombeRLeWorld] INFO: Agent <simple_agent_0> chose action UP in 0.01s.
2019-02-06 15:40:25,666 [BombeRLeWorld] INFO: Agent <simple_agent_1> chose action LEFT in 0.00s.
2019-02-06 15:40:25,751 [BombeRLeWorld] INFO: STARTING STEP 150
2019-02-06 15:40:25,783 [BombeRLeWorld] INFO: Agent <simple_agent_1> chose action UP in 0.03s.
2019-02-06 15:40:25,783 [BombeRLeWorld] INFO: Agent <simple_agent_0> chose action UP in 0.03s.
2019-02-06 15:40:25,784 [BombeRLeWorld] INFO: Agent <simple_agent_3> chose action DOWN in 0.01s.
2019-02-06 15:40:25,853 [BombeRLeWorld] INFO: STARTING STEP 151
2019-02-06 15:40:25,902 [BombeRLeWorld] INFO: Agent <simple_agent_3> chose action BOMB in 0.01s.
2019-02-06 15:40:25,902 [BombeRLeWorld] INFO: Agent <simple_agent_3> drops bomb at (13, 8)
2019-02-06 15:40:25,902 [BombeRLeWorld] INFO: Agent <simple_agent_0> chose action DOWN in 0.04s.
2019-02-06 15:40:25,903 [BombeRLeWorld] INFO: Agent <simple_agent_1> chose action UP in 0.03s.
2019-02-06 15:40:25,955 [BombeRLeWorld] INFO: STARTING STEP 152
2019-02-06 15:40:25,983 [BombeRLeWorld] INFO: Agent <simple_agent_0> chose action DOWN in 0.02s.
2019-02-06 15:40:25,983 [BombeRLeWorld] INFO: Agent <simple_agent_1> chose action RIGHT in 0.02s.
2019-02-06 15:40:25,984 [BombeRLeWorld] INFO: Agent <simple_agent_3> chose action UP in 0.00s.
2019-02-06 15:40:26,062 [BombeRLeWorld] INFO: STARTING STEP 153
2019-02-06 15:40:26,094 [BombeRLeWorld] INFO: Agent <simple_agent_1> chose action RIGHT in 0.02s.
2019-02-06 15:40:26,094 [BombeRLeWorld] INFO: Agent <simple_agent_3> chose action RIGHT in 0.00s.
2019-02-06 15:40:26,094 [BombeRLeWorld] INFO: Agent <simple_agent_0> chose action RIGHT in 0.02s.
2019-02-06 15:40:26,170 [BombeRLeWorld] INFO: STARTING STEP 154
2019-02-06 15:40:26,193 [BombeRLeWorld] INFO: Agent <simple_agent_0> chose action LEFT in 0.02s.
2019-02-06 15:40:26,193 [BombeRLeWorld] INFO: Agent <simple_agent_1> chose action RIGHT in 0.02s.
2019-02-06 15:40:26,194 [BombeRLeWorld] INFO: Agent <simple_agent_3> chose action LEFT in 0.01s.
2019-02-06 15:40:26,272 [BombeRLeWorld] INFO: STARTING STEP 155
2019-02-06 15:40:26,295 [BombeRLeWorld] INFO: Agent <simple_agent_0> chose action RIGHT in 0.02s.
2019-02-06 15:40:26,296 [BombeRLeWorld] INFO: Agent <simple_agent_1> chose action LEFT in 0.02s.
2019-02-06 15:40:26,296 [BombeRLeWorld] INFO: Agent <simple_agent_3> chose action RIGHT in 0.02s.
2019-02-06 15:40:26,374 [BombeRLeWorld] INFO: STARTING STEP 156
2019-02-06 15:40:26,403 [BombeRLeWorld] INFO: Agent <simple_agent_0> chose action RIGHT in 0.03s.
2019-02-06 15:40:26,403 [BombeRLeWorld] INFO: Agent <simple_agent_1> chose action RIGHT in 0.01s.
2019-02-06 15:40:26,403 [BombeRLeWorld] INFO: Agent <simple_agent_3> chose action RIGHT in 0.03s.
2019-02-06 15:40:26,404 [BombeRLeWorld] INFO: Agent <simple_agent_3>'s bomb at (13, 8) explodes
2019-02-06 15:40:26,476 [BombeRLeWorld] INFO: STARTING STEP 157
2019-02-06 15:40:26,509 [BombeRLeWorld] INFO: Agent <simple_agent_1> chose action LEFT in 0.01s.
2019-02-06 15:40:26,509 [BombeRLeWorld] INFO: Agent <simple_agent_0> chose action UP in 0.01s.
2019-02-06 15:40:26,510 [BombeRLeWorld] INFO: Agent <simple_agent_3> chose action UP in 0.03s.
2019-02-06 15:40:26,583 [BombeRLeWorld] INFO: STARTING STEP 158
2019-02-06 15:40:26,628 [BombeRLeWorld] INFO: Agent <simple_agent_0> chose action UP in 0.01s.
2019-02-06 15:40:26,629 [BombeRLeWorld] INFO: Agent <simple_agent_3> chose action UP in 0.03s.
2019-02-06 15:40:26,629 [BombeRLeWorld] INFO: Agent <simple_agent_1> chose action RIGHT in 0.01s.
2019-02-06 15:40:26,689 [BombeRLeWorld] INFO: STARTING STEP 159
2019-02-06 15:40:26,716 [BombeRLeWorld] INFO: Agent <simple_agent_0> chose action UP in 0.01s.
2019-02-06 15:40:26,716 [BombeRLeWorld] INFO: Agent <simple_agent_3> chose action UP in 0.02s.
2019-02-06 15:40:26,717 [BombeRLeWorld] INFO: Agent <simple_agent_1> chose action RIGHT in 0.01s.
2019-02-06 15:40:26,791 [BombeRLeWorld] INFO: STARTING STEP 160
2019-02-06 15:40:26,796 [BombeRLeWorld] INFO: Agent <simple_agent_0> chose action UP in 0.00s.
2019-02-06 15:40:26,796 [BombeRLeWorld] INFO: Agent <simple_agent_3> chose action DOWN in 0.00s.
2019-02-06 15:40:26,797 [BombeRLeWorld] INFO: Agent <simple_agent_1> chose action RIGHT in 0.00s.
2019-02-06 15:40:26,893 [BombeRLeWorld] INFO: STARTING STEP 161
2019-02-06 15:40:26,903 [BombeRLeWorld] INFO: Agent <simple_agent_0> chose action UP in 0.01s.
2019-02-06 15:40:26,904 [BombeRLeWorld] INFO: Agent <simple_agent_3> chose action BOMB in 0.01s.
2019-02-06 15:40:26,905 [BombeRLeWorld] INFO: Agent <simple_agent_3> drops bomb at (15, 5)
2019-02-06 15:40:26,906 [BombeRLeWorld] INFO: Agent <simple_agent_1> chose action BOMB in 0.00s.
2019-02-06 15:40:26,907 [BombeRLeWorld] INFO: Agent <simple_agent_1> drops bomb at (14, 5)
2019-02-06 15:40:26,995 [BombeRLeWorld] INFO: STARTING STEP 162
2019-02-06 15:40:27,040 [BombeRLeWorld] INFO: Agent <simple_agent_3> chose action UP in 0.01s.
2019-02-06 15:40:27,041 [BombeRLeWorld] INFO: Agent <simple_agent_1> chose action LEFT in 0.01s.
2019-02-06 15:40:27,041 [BombeRLeWorld] INFO: Agent <simple_agent_0> chose action DOWN in 0.03s.
2019-02-06 15:40:27,096 [BombeRLeWorld] INFO: STARTING STEP 163
2019-02-06 15:40:27,104 [BombeRLeWorld] INFO: Agent <simple_agent_1> chose action DOWN in 0.00s.
2019-02-06 15:40:27,105 [BombeRLeWorld] INFO: Agent <simple_agent_3> chose action UP in 0.01s.
2019-02-06 15:40:27,106 [BombeRLeWorld] INFO: Agent <simple_agent_0> chose action LEFT in 0.01s.
2019-02-06 15:40:27,205 [BombeRLeWorld] INFO: STARTING STEP 164
2019-02-06 15:40:27,227 [BombeRLeWorld] INFO: Agent <simple_agent_1> chose action DOWN in 0.00s.
2019-02-06 15:40:27,227 [BombeRLeWorld] INFO: Agent <simple_agent_3> chose action UP in 0.00s.
2019-02-06 15:40:27,228 [BombeRLeWorld] INFO: Agent <simple_agent_0> chose action RIGHT in 0.00s.
2019-02-06 15:40:27,311 [BombeRLeWorld] INFO: STARTING STEP 165
2019-02-06 15:40:27,319 [BombeRLeWorld] INFO: Agent <simple_agent_0> chose action WAIT in 0.00s.
2019-02-06 15:40:27,319 [BombeRLeWorld] INFO: Agent <simple_agent_3> chose action UP in 0.00s.
2019-02-06 15:40:27,320 [BombeRLeWorld] INFO: Agent <simple_agent_1> chose action UP in 0.00s.
2019-02-06 15:40:27,413 [BombeRLeWorld] INFO: STARTING STEP 166
2019-02-06 15:40:27,432 [BombeRLeWorld] INFO: Agent <simple_agent_3> chose action LEFT in 0.01s.
2019-02-06 15:40:27,433 [BombeRLeWorld] INFO: Agent <simple_agent_1> chose action DOWN in 0.00s.
2019-02-06 15:40:27,433 [BombeRLeWorld] INFO: Agent <simple_agent_0> chose action WAIT in 0.02s.
2019-02-06 15:40:27,433 [BombeRLeWorld] INFO: Agent <simple_agent_3>'s bomb at (15, 5) explodes
2019-02-06 15:40:27,436 [BombeRLeWorld] INFO: Agent <simple_agent_1>'s bomb at (14, 5) explodes
2019-02-06 15:40:27,438 [BombeRLeWorld] INFO: Agent <simple_agent_0> blown up by agent <simple_agent_3>'s bomb
2019-02-06 15:40:27,438 [BombeRLeWorld] INFO: Agent <simple_agent_3> receives 1 point
2019-02-06 15:40:27,516 [BombeRLeWorld] INFO: STARTING STEP 167
2019-02-06 15:40:27,526 [BombeRLeWorld] INFO: Agent <simple_agent_1> chose action UP in 0.01s.
2019-02-06 15:40:27,527 [BombeRLeWorld] INFO: Agent <simple_agent_3> chose action RIGHT in 0.00s.
2019-02-06 15:40:27,618 [BombeRLeWorld] INFO: STARTING STEP 168
2019-02-06 15:40:27,633 [BombeRLeWorld] INFO: Agent <simple_agent_3> chose action DOWN in 0.01s.
2019-02-06 15:40:27,634 [BombeRLeWorld] INFO: Agent <simple_agent_1> chose action UP in 0.01s.
2019-02-06 15:40:27,721 [BombeRLeWorld] INFO: STARTING STEP 169
2019-02-06 15:40:27,731 [BombeRLeWorld] INFO: Agent <simple_agent_1> chose action RIGHT in 0.01s.
2019-02-06 15:40:27,732 [BombeRLeWorld] INFO: Agent <simple_agent_3> chose action DOWN in 0.01s.
2019-02-06 15:40:27,822 [BombeRLeWorld] INFO: STARTING STEP 170
2019-02-06 15:40:27,841 [BombeRLeWorld] INFO: Agent <simple_agent_3> chose action DOWN in 0.01s.
2019-02-06 15:40:27,848 [BombeRLeWorld] INFO: Agent <simple_agent_1> chose action RIGHT in 0.01s.
2019-02-06 15:40:27,930 [BombeRLeWorld] INFO: STARTING STEP 171
2019-02-06 15:40:27,949 [BombeRLeWorld] INFO: Agent <simple_agent_3> chose action BOMB in 0.00s.
2019-02-06 15:40:27,950 [BombeRLeWorld] INFO: Agent <simple_agent_3> drops bomb at (15, 4)
2019-02-06 15:40:27,951 [BombeRLeWorld] INFO: Agent <simple_agent_1> chose action BOMB in 0.00s.
2019-02-06 15:40:27,952 [BombeRLeWorld] INFO: Agent <simple_agent_1> drops bomb at (15, 5)
2019-02-06 15:40:28,038 [BombeRLeWorld] INFO: STARTING STEP 172
2019-02-06 15:40:28,073 [BombeRLeWorld] INFO: Agent <simple_agent_3> chose action UP in 0.03s.
2019-02-06 15:40:28,073 [BombeRLeWorld] INFO: Agent <simple_agent_1> chose action LEFT in 0.03s.
2019-02-06 15:40:28,139 [BombeRLeWorld] INFO: STARTING STEP 173
2019-02-06 15:40:28,159 [BombeRLeWorld] INFO: Agent <simple_agent_1> chose action LEFT in 0.02s.
2019-02-06 15:40:28,160 [BombeRLeWorld] INFO: Agent <simple_agent_3> chose action UP in 0.02s.
2019-02-06 15:40:28,241 [BombeRLeWorld] INFO: STARTING STEP 174
2019-02-06 15:40:28,280 [BombeRLeWorld] INFO: Agent <simple_agent_1> chose action DOWN in 0.03s.
2019-02-06 15:40:28,280 [BombeRLeWorld] INFO: Agent <simple_agent_3> chose action UP in 0.03s.
2019-02-06 15:40:28,343 [BombeRLeWorld] INFO: STARTING STEP 175
2019-02-06 15:40:28,388 [BombeRLeWorld] INFO: Agent <simple_agent_3> chose action LEFT in 0.04s.
2019-02-06 15:40:28,389 [BombeRLeWorld] INFO: Agent <simple_agent_1> chose action DOWN in 0.03s.
2019-02-06 15:40:28,445 [BombeRLeWorld] INFO: STARTING STEP 176
2019-02-06 15:40:28,484 [BombeRLeWorld] INFO: Agent <simple_agent_3> chose action LEFT in 0.03s.
2019-02-06 15:40:28,484 [BombeRLeWorld] INFO: Agent <simple_agent_1> chose action UP in 0.04s.
2019-02-06 15:40:28,485 [BombeRLeWorld] INFO: Agent <simple_agent_3>'s bomb at (15, 4) explodes
2019-02-06 15:40:28,487 [BombeRLeWorld] INFO: Agent <simple_agent_1>'s bomb at (15, 5) explodes
2019-02-06 15:40:28,547 [BombeRLeWorld] INFO: STARTING STEP 177
2019-02-06 15:40:28,581 [BombeRLeWorld] INFO: Agent <simple_agent_3> chose action RIGHT in 0.01s.
2019-02-06 15:40:28,582 [BombeRLeWorld] INFO: Agent <simple_agent_1> chose action DOWN in 0.03s.
2019-02-06 15:40:28,655 [BombeRLeWorld] INFO: STARTING STEP 178
2019-02-06 15:40:28,693 [BombeRLeWorld] INFO: Agent <simple_agent_1> chose action UP in 0.03s.
2019-02-06 15:40:28,694 [BombeRLeWorld] INFO: Agent <simple_agent_3> chose action RIGHT in 0.02s.
2019-02-06 15:40:28,763 [BombeRLeWorld] INFO: STARTING STEP 179
2019-02-06 15:40:28,792 [BombeRLeWorld] INFO: Agent <simple_agent_1> chose action UP in 0.02s.
2019-02-06 15:40:28,793 [BombeRLeWorld] INFO: Agent <simple_agent_3> chose action DOWN in 0.02s.
2019-02-06 15:40:28,864 [BombeRLeWorld] INFO: STARTING STEP 180
2019-02-06 15:40:28,882 [BombeRLeWorld] INFO: Agent <simple_agent_3> chose action DOWN in 0.01s.
2019-02-06 15:40:28,882 [BombeRLeWorld] INFO: Agent <simple_agent_1> chose action BOMB in 0.02s.
2019-02-06 15:40:28,882 [BombeRLeWorld] INFO: Agent <simple_agent_1> drops bomb at (13, 5)
2019-02-06 15:40:28,967 [BombeRLeWorld] INFO: STARTING STEP 181
2019-02-06 15:40:28,985 [BombeRLeWorld] INFO: Agent <simple_agent_1> chose action RIGHT in 0.02s.
2019-02-06 15:40:28,985 [BombeRLeWorld] INFO: Agent <simple_agent_3> chose action BOMB in 0.01s.
2019-02-06 15:40:28,985 [BombeRLeWorld] INFO: Agent <simple_agent_3> drops bomb at (15, 3)
2019-02-06 15:40:29,069 [BombeRLeWorld] INFO: STARTING STEP 182
2019-02-06 15:40:29,094 [BombeRLeWorld] INFO: Agent <simple_agent_1> chose action RIGHT in 0.02s.
2019-02-06 15:40:29,094 [BombeRLeWorld] INFO: Agent <simple_agent_3> chose action UP in 0.02s.
2019-02-06 15:40:29,171 [BombeRLeWorld] INFO: STARTING STEP 183
2019-02-06 15:40:29,210 [BombeRLeWorld] INFO: Agent <simple_agent_3> chose action UP in 0.03s.
2019-02-06 15:40:29,210 [BombeRLeWorld] INFO: Agent <simple_agent_1> chose action LEFT in 0.03s.
2019-02-06 15:40:29,273 [BombeRLeWorld] INFO: STARTING STEP 184
2019-02-06 15:40:29,314 [BombeRLeWorld] INFO: Agent <simple_agent_1> chose action WAIT in 0.04s.
2019-02-06 15:40:29,314 [BombeRLeWorld] INFO: Agent <simple_agent_3> chose action LEFT in 0.03s.
2019-02-06 15:40:29,375 [BombeRLeWorld] INFO: STARTING STEP 185
2019-02-06 15:40:29,414 [BombeRLeWorld] INFO: Agent <simple_agent_3> chose action LEFT in 0.04s.
2019-02-06 15:40:29,415 [BombeRLeWorld] INFO: Agent <simple_agent_1> chose action WAIT in 0.03s.
2019-02-06 15:40:29,415 [BombeRLeWorld] INFO: Agent <simple_agent_1>'s bomb at (13, 5) explodes
2019-02-06 15:40:29,418 [BombeRLeWorld] INFO: Agent <simple_agent_1> blown up by own bomb
2019-02-06 15:40:29,477 [BombeRLeWorld] INFO: STARTING STEP 186
2019-02-06 15:40:29,505 [BombeRLeWorld] INFO: Agent <simple_agent_3> chose action RIGHT in 0.02s.
2019-02-06 15:40:29,505 [BombeRLeWorld] INFO: Agent <simple_agent_3>'s bomb at (15, 3) explodes
2019-02-06 15:40:29,585 [BombeRLeWorld] INFO: STARTING STEP 187
2019-02-06 15:40:29,610 [BombeRLeWorld] INFO: Agent <simple_agent_3> chose action LEFT in 0.01s.
2019-02-06 15:40:29,686 [BombeRLeWorld] INFO: STARTING STEP 188
2019-02-06 15:40:29,703 [BombeRLeWorld] INFO: Agent <simple_agent_3> chose action LEFT in 0.01s.
2019-02-06 15:40:29,789 [BombeRLeWorld] INFO: STARTING STEP 189
2019-02-06 15:40:29,811 [BombeRLeWorld] INFO: Agent <simple_agent_3> chose action LEFT in 0.02s.
2019-02-06 15:40:29,890 [BombeRLeWorld] INFO: STARTING STEP 190
2019-02-06 15:40:29,920 [BombeRLeWorld] INFO: Agent <simple_agent_3> chose action BOMB in 0.03s.
2019-02-06 15:40:29,920 [BombeRLeWorld] INFO: Agent <simple_agent_3> drops bomb at (11, 1)
2019-02-06 15:40:29,991 [BombeRLeWorld] INFO: STARTING STEP 191
2019-02-06 15:40:30,020 [BombeRLeWorld] INFO: Agent <simple_agent_3> chose action RIGHT in 0.02s.
2019-02-06 15:40:30,100 [BombeRLeWorld] INFO: STARTING STEP 192
2019-02-06 15:40:30,132 [BombeRLeWorld] INFO: Agent <simple_agent_3> chose action RIGHT in 0.03s.
2019-02-06 15:40:30,202 [BombeRLeWorld] INFO: STARTING STEP 193
2019-02-06 15:40:30,219 [BombeRLeWorld] INFO: Agent <simple_agent_3> chose action DOWN in 0.01s.
2019-02-06 15:40:30,304 [BombeRLeWorld] INFO: STARTING STEP 194
2019-02-06 15:40:30,321 [BombeRLeWorld] INFO: Agent <simple_agent_3> chose action DOWN in 0.01s.
2019-02-06 15:40:30,406 [BombeRLeWorld] INFO: STARTING STEP 195
2019-02-06 15:40:30,441 [BombeRLeWorld] INFO: Agent <simple_agent_3> chose action LEFT in 0.02s.
2019-02-06 15:40:30,442 [BombeRLeWorld] INFO: Agent <simple_agent_3>'s bomb at (11, 1) explodes
2019-02-06 15:40:30,442 [BombeRLeWorld] INFO: Coin found at (10, 1)
2019-02-06 15:40:30,509 [BombeRLeWorld] INFO: STARTING STEP 196
2019-02-06 15:40:30,522 [BombeRLeWorld] INFO: Agent <simple_agent_3> chose action RIGHT in 0.01s.
2019-02-06 15:40:30,616 [BombeRLeWorld] INFO: STARTING STEP 197
2019-02-06 15:40:30,631 [BombeRLeWorld] INFO: Agent <simple_agent_3> chose action UP in 0.01s.
2019-02-06 15:40:30,722 [BombeRLeWorld] INFO: STARTING STEP 198
2019-02-06 15:40:30,731 [BombeRLeWorld] INFO: Agent <simple_agent_3> chose action UP in 0.00s.
2019-02-06 15:40:30,824 [BombeRLeWorld] INFO: STARTING STEP 199
2019-02-06 15:40:30,828 [BombeRLeWorld] INFO: Agent <simple_agent_3> chose action LEFT in 0.00s.
2019-02-06 15:40:30,927 [BombeRLeWorld] INFO: STARTING STEP 200
2019-02-06 15:40:30,929 [BombeRLeWorld] INFO: Agent <simple_agent_3> chose action LEFT in 0.00s.
2019-02-06 15:40:31,028 [BombeRLeWorld] INFO: STARTING STEP 201
2019-02-06 15:40:31,032 [BombeRLeWorld] INFO: Agent <simple_agent_3> chose action LEFT in 0.00s.
2019-02-06 15:40:31,033 [BombeRLeWorld] INFO: Agent <simple_agent_3> picked up coin at (10, 1) and receives 1 point
2019-02-06 15:40:31,033 [BombeRLeWorld] INFO: One agent left alive with nothing to do, wrap up round
2019-02-06 15:40:31,134 [BombeRLeWorld] INFO: WRAPPING UP ROUND #1
2019-02-06 15:40:31,135 [BombeRLeWorld] INFO: Agent <simple_agent_1> loses 1 point for being slowest (avg. 0.013s)
2019-02-06 15:45:44,700 [BombeRLeWorld] WARNING: End-of-round requested while no round was running
2019-02-06 15:45:44,700 [BombeRLeWorld] INFO: SHUT DOWN
